DEBUG:peewee.pool:No connection available in pool.
DEBUG:peewee.pool:Created new connection 4370804800.
DEBUG:peewee:('BEGIN', None)
DEBUG:peewee:('CREATE TABLE IF NOT EXISTS "task" ("id" INTEGER NOT NULL PRIMARY KEY, "title" VARCHAR(20) NOT NULL, "image" VARCHAR(255) NOT NULL, "command" VARCHAR(255) NOT NULL, "description" VARCHAR(255) NOT NULL, "status" VARCHAR(20) NOT NULL, "execution_time" INTEGER, "logs" TEXT)', [])
DEBUG:peewee.pool:Returning 4370804800 to pool.
DEBUG:__main__:Starting 2 workers.
DEBUG:peewee:('SELECT "t1"."id", "t1"."title", "t1"."image", "t1"."command", "t1"."description", "t1"."status", "t1"."execution_time", "t1"."logs" FROM "task" AS "t1" WHERE ("t1"."status" = ?)', ['pending'])
DEBUG:__main__:No tasks found, sleeping for 1 seconds.
DEBUG:peewee:('SELECT "t1"."id", "t1"."title", "t1"."image", "t1"."command", "t1"."description", "t1"."status", "t1"."execution_time", "t1"."logs" FROM "task" AS "t1" WHERE ("t1"."status" = ?)', ['pending'])
DEBUG:__main__:No tasks found, sleeping for 1 seconds.
DEBUG:peewee:('SELECT "t1"."id", "t1"."title", "t1"."image", "t1"."command", "t1"."description", "t1"."status", "t1"."execution_time", "t1"."logs" FROM "task" AS "t1" WHERE ("t1"."status" = ?)', ['pending'])
DEBUG:__main__:No tasks found, sleeping for 1 seconds.
DEBUG:peewee:('SELECT "t1"."id", "t1"."title", "t1"."image", "t1"."command", "t1"."description", "t1"."status", "t1"."execution_time", "t1"."logs" FROM "task" AS "t1" WHERE ("t1"."status" = ?)', ['pending'])
DEBUG:__main__:No tasks found, sleeping for 1 seconds.
DEBUG:peewee:('SELECT "t1"."id", "t1"."title", "t1"."image", "t1"."command", "t1"."description", "t1"."status", "t1"."execution_time", "t1"."logs" FROM "task" AS "t1" WHERE ("t1"."status" = ?)', ['pending'])
DEBUG:__main__:No tasks found, sleeping for 1 seconds.
DEBUG:peewee:('SELECT "t1"."id", "t1"."title", "t1"."image", "t1"."command", "t1"."description", "t1"."status", "t1"."execution_time", "t1"."logs" FROM "task" AS "t1" WHERE ("t1"."status" = ?)', ['pending'])
DEBUG:__main__:No tasks found, sleeping for 1 seconds.
DEBUG:peewee:('SELECT "t1"."id", "t1"."title", "t1"."image", "t1"."command", "t1"."description", "t1"."status", "t1"."execution_time", "t1"."logs" FROM "task" AS "t1" WHERE ("t1"."status" = ?)', ['pending'])
DEBUG:__main__:No tasks found, sleeping for 1 seconds.
DEBUG:peewee:('SELECT "t1"."id", "t1"."title", "t1"."image", "t1"."command", "t1"."description", "t1"."status", "t1"."execution_time", "t1"."logs" FROM "task" AS "t1" WHERE ("t1"."status" = ?)', ['pending'])
DEBUG:__main__:No tasks found, sleeping for 1 seconds.
DEBUG:peewee:('SELECT "t1"."id", "t1"."title", "t1"."image", "t1"."command", "t1"."description", "t1"."status", "t1"."execution_time", "t1"."logs" FROM "task" AS "t1" WHERE ("t1"."status" = ?)', ['pending'])
DEBUG:__main__:No tasks found, sleeping for 1 seconds.
DEBUG:peewee:('SELECT "t1"."id", "t1"."title", "t1"."image", "t1"."command", "t1"."description", "t1"."status", "t1"."execution_time", "t1"."logs" FROM "task" AS "t1" WHERE ("t1"."status" = ?)', ['pending'])
DEBUG:__main__:No tasks found, sleeping for 1 seconds.
DEBUG:peewee:('SELECT "t1"."id", "t1"."title", "t1"."image", "t1"."command", "t1"."description", "t1"."status", "t1"."execution_time", "t1"."logs" FROM "task" AS "t1" WHERE ("t1"."status" = ?)', ['pending'])
DEBUG:__main__:No tasks found, sleeping for 1 seconds.
DEBUG:peewee:('SELECT "t1"."id", "t1"."title", "t1"."image", "t1"."command", "t1"."description", "t1"."status", "t1"."execution_time", "t1"."logs" FROM "task" AS "t1" WHERE ("t1"."status" = ?)', ['pending'])
DEBUG:__main__:No tasks found, sleeping for 1 seconds.
DEBUG:peewee:('SELECT "t1"."id", "t1"."title", "t1"."image", "t1"."command", "t1"."description", "t1"."status", "t1"."execution_time", "t1"."logs" FROM "task" AS "t1" WHERE ("t1"."status" = ?)', ['pending'])
DEBUG:__main__:No tasks found, sleeping for 1 seconds.
DEBUG:peewee:('SELECT "t1"."id", "t1"."title", "t1"."image", "t1"."command", "t1"."description", "t1"."status", "t1"."execution_time", "t1"."logs" FROM "task" AS "t1" WHERE ("t1"."status" = ?)', ['pending'])
DEBUG:__main__:No tasks found, sleeping for 1 seconds.
DEBUG:peewee:('SELECT "t1"."id", "t1"."title", "t1"."image", "t1"."command", "t1"."description", "t1"."status", "t1"."execution_time", "t1"."logs" FROM "task" AS "t1" WHERE ("t1"."status" = ?)', ['pending'])
DEBUG:__main__:Processing task Task 12: Task 1.
DEBUG:peewee:('UPDATE "task" SET "title" = ?, "image" = ?, "command" = ?, "description" = ?, "status" = ?, "execution_time" = ?, "logs" = ? WHERE ("task"."id" = ?)', ['Task 1', 'ubuntu', 'apt update -y', 'Hello world on ubuntu', 'running', None, None, 12])
DEBUG:peewee.pool:No connection available in pool.
DEBUG:peewee.pool:Created new connection 4370805056.
DEBUG:urllib3.connectionpool:http://localhost:None "POST /v1.41/containers/create HTTP/1.1" 201 None
DEBUG:urllib3.connectionpool:http://localhost:None "GET /v1.41/containers/15d6aa0ada41c708a70bcc15037f990806090c5c84886ad54c46402e0083f891/json HTTP/1.1" 200 None
DEBUG:urllib3.connectionpool:http://localhost:None "POST /v1.41/containers/15d6aa0ada41c708a70bcc15037f990806090c5c84886ad54c46402e0083f891/start HTTP/1.1" 204 0
DEBUG:urllib3.connectionpool:http://localhost:None "GET /v1.41/containers/15d6aa0ada41c708a70bcc15037f990806090c5c84886ad54c46402e0083f891/logs?stderr=1&stdout=1&timestamps=0&follow=1&tail=all HTTP/1.1" 200 None
DEBUG:urllib3.connectionpool:http://localhost:None "GET /v1.41/containers/15d6aa0ada41c708a70bcc15037f990806090c5c84886ad54c46402e0083f891/json HTTP/1.1" 200 None
DEBUG:peewee:('UPDATE "task" SET "title" = ?, "image" = ?, "command" = ?, "description" = ?, "status" = ?, "execution_time" = ?, "logs" = ? WHERE ("task"."id" = ?)', ['Task 1', 'ubuntu', 'apt update -y', 'Hello world on ubuntu', 'finished', '5.315274000167847', "\nWARNING: apt does not have a stable CLI interface. Use with caution in scripts.\n\nGet:1 http://security.ubuntu.com/ubuntu jammy-security InRelease [110 kB]\nGet:2 http://archive.ubuntu.com/ubuntu jammy InRelease [270 kB]\nGet:3 http://security.ubuntu.com/ubuntu jammy-security/main amd64 Packages [754 kB]\nGet:4 http://archive.ubuntu.com/ubuntu jammy-updates InRelease [114 kB]\nGet:5 http://security.ubuntu.com/ubuntu jammy-security/universe amd64 Packages [799 kB]\nGet:6 http://archive.ubuntu.com/ubuntu jammy-backports InRelease [107 kB]\nGet:7 http://archive.ubuntu.com/ubuntu jammy/multiverse amd64 Packages [266 kB]\nGet:8 http://security.ubuntu.com/ubuntu jammy-security/restricted amd64 Packages [681 kB]\nGet:9 http://archive.ubuntu.com/ubuntu jammy/restricted amd64 Packages [164 kB]\nGet:10 http://security.ubuntu.com/ubuntu jammy-security/multiverse amd64 Packages [5557 B]\nGet:11 http://archive.ubuntu.com/ubuntu jammy/universe amd64 Packages [17.5 MB]\nGet:12 http://archive.ubuntu.com/ubuntu jammy/main amd64 Packages [1792 kB]\nGet:13 http://archive.ubuntu.com/ubuntu jammy-updates/restricted amd64 Packages [734 kB]\nGet:14 http://archive.ubuntu.com/ubuntu jammy-updates/multiverse amd64 Packages [8978 B]\nGet:15 http://archive.ubuntu.com/ubuntu jammy-updates/universe amd64 Packages [1008 kB]\nGet:16 http://archive.ubuntu.com/ubuntu jammy-updates/main amd64 Packages [1083 kB]\nGet:17 http://archive.ubuntu.com/ubuntu jammy-backports/main amd64 Packages [49.0 kB]\nGet:18 http://archive.ubuntu.com/ubuntu jammy-backports/universe amd64 Packages [22.4 kB]\nFetched 25.4 MB in 4s (6276 kB/s)\nReading package lists...\nBuilding dependency tree...\nReading state information...\n4 packages can be upgraded. Run 'apt list --upgradable' to see them.\n", 12])
DEBUG:peewee:('SELECT "t1"."id", "t1"."title", "t1"."image", "t1"."command", "t1"."description", "t1"."status", "t1"."execution_time", "t1"."logs" FROM "task" AS "t1" WHERE ("t1"."status" = ?)', ['pending'])
DEBUG:__main__:No tasks found, sleeping for 1 seconds.
DEBUG:peewee:('SELECT "t1"."id", "t1"."title", "t1"."image", "t1"."command", "t1"."description", "t1"."status", "t1"."execution_time", "t1"."logs" FROM "task" AS "t1" WHERE ("t1"."status" = ?)', ['pending'])
DEBUG:__main__:No tasks found, sleeping for 1 seconds.
DEBUG:peewee:('SELECT "t1"."id", "t1"."title", "t1"."image", "t1"."command", "t1"."description", "t1"."status", "t1"."execution_time", "t1"."logs" FROM "task" AS "t1" WHERE ("t1"."status" = ?)', ['pending'])
DEBUG:__main__:No tasks found, sleeping for 1 seconds.
DEBUG:peewee:('SELECT "t1"."id", "t1"."title", "t1"."image", "t1"."command", "t1"."description", "t1"."status", "t1"."execution_time", "t1"."logs" FROM "task" AS "t1" WHERE ("t1"."status" = ?)', ['pending'])
DEBUG:__main__:No tasks found, sleeping for 1 seconds.
DEBUG:peewee:('SELECT "t1"."id", "t1"."title", "t1"."image", "t1"."command", "t1"."description", "t1"."status", "t1"."execution_time", "t1"."logs" FROM "task" AS "t1" WHERE ("t1"."status" = ?)', ['pending'])
DEBUG:__main__:No tasks found, sleeping for 1 seconds.
DEBUG:peewee:('SELECT "t1"."id", "t1"."title", "t1"."image", "t1"."command", "t1"."description", "t1"."status", "t1"."execution_time", "t1"."logs" FROM "task" AS "t1" WHERE ("t1"."status" = ?)', ['pending'])
DEBUG:__main__:No tasks found, sleeping for 1 seconds.
DEBUG:peewee:('SELECT "t1"."id", "t1"."title", "t1"."image", "t1"."command", "t1"."description", "t1"."status", "t1"."execution_time", "t1"."logs" FROM "task" AS "t1" WHERE ("t1"."status" = ?)', ['pending'])
DEBUG:__main__:No tasks found, sleeping for 1 seconds.
DEBUG:peewee:('SELECT "t1"."id", "t1"."title", "t1"."image", "t1"."command", "t1"."description", "t1"."status", "t1"."execution_time", "t1"."logs" FROM "task" AS "t1" WHERE ("t1"."status" = ?)', ['pending'])
DEBUG:__main__:No tasks found, sleeping for 1 seconds.
DEBUG:peewee:('SELECT "t1"."id", "t1"."title", "t1"."image", "t1"."command", "t1"."description", "t1"."status", "t1"."execution_time", "t1"."logs" FROM "task" AS "t1" WHERE ("t1"."status" = ?)', ['pending'])
DEBUG:__main__:No tasks found, sleeping for 1 seconds.
DEBUG:peewee:('SELECT "t1"."id", "t1"."title", "t1"."image", "t1"."command", "t1"."description", "t1"."status", "t1"."execution_time", "t1"."logs" FROM "task" AS "t1" WHERE ("t1"."status" = ?)', ['pending'])
DEBUG:__main__:No tasks found, sleeping for 1 seconds.
DEBUG:peewee:('SELECT "t1"."id", "t1"."title", "t1"."image", "t1"."command", "t1"."description", "t1"."status", "t1"."execution_time", "t1"."logs" FROM "task" AS "t1" WHERE ("t1"."status" = ?)', ['pending'])
DEBUG:__main__:No tasks found, sleeping for 1 seconds.
DEBUG:peewee:('SELECT "t1"."id", "t1"."title", "t1"."image", "t1"."command", "t1"."description", "t1"."status", "t1"."execution_time", "t1"."logs" FROM "task" AS "t1" WHERE ("t1"."status" = ?)', ['pending'])
DEBUG:__main__:No tasks found, sleeping for 1 seconds.
DEBUG:peewee:('SELECT "t1"."id", "t1"."title", "t1"."image", "t1"."command", "t1"."description", "t1"."status", "t1"."execution_time", "t1"."logs" FROM "task" AS "t1" WHERE ("t1"."status" = ?)', ['pending'])
DEBUG:__main__:No tasks found, sleeping for 1 seconds.
DEBUG:peewee:('SELECT "t1"."id", "t1"."title", "t1"."image", "t1"."command", "t1"."description", "t1"."status", "t1"."execution_time", "t1"."logs" FROM "task" AS "t1" WHERE ("t1"."status" = ?)', ['pending'])
DEBUG:__main__:No tasks found, sleeping for 1 seconds.
DEBUG:peewee:('SELECT "t1"."id", "t1"."title", "t1"."image", "t1"."command", "t1"."description", "t1"."status", "t1"."execution_time", "t1"."logs" FROM "task" AS "t1" WHERE ("t1"."status" = ?)', ['pending'])
DEBUG:__main__:No tasks found, sleeping for 1 seconds.
DEBUG:peewee:('SELECT "t1"."id", "t1"."title", "t1"."image", "t1"."command", "t1"."description", "t1"."status", "t1"."execution_time", "t1"."logs" FROM "task" AS "t1" WHERE ("t1"."status" = ?)', ['pending'])
DEBUG:__main__:No tasks found, sleeping for 1 seconds.
DEBUG:peewee:('SELECT "t1"."id", "t1"."title", "t1"."image", "t1"."command", "t1"."description", "t1"."status", "t1"."execution_time", "t1"."logs" FROM "task" AS "t1" WHERE ("t1"."status" = ?)', ['pending'])
DEBUG:__main__:No tasks found, sleeping for 1 seconds.
DEBUG:peewee:('SELECT "t1"."id", "t1"."title", "t1"."image", "t1"."command", "t1"."description", "t1"."status", "t1"."execution_time", "t1"."logs" FROM "task" AS "t1" WHERE ("t1"."status" = ?)', ['pending'])
DEBUG:__main__:No tasks found, sleeping for 1 seconds.
DEBUG:peewee:('SELECT "t1"."id", "t1"."title", "t1"."image", "t1"."command", "t1"."description", "t1"."status", "t1"."execution_time", "t1"."logs" FROM "task" AS "t1" WHERE ("t1"."status" = ?)', ['pending'])
DEBUG:__main__:No tasks found, sleeping for 1 seconds.
DEBUG:peewee:('SELECT "t1"."id", "t1"."title", "t1"."image", "t1"."command", "t1"."description", "t1"."status", "t1"."execution_time", "t1"."logs" FROM "task" AS "t1" WHERE ("t1"."status" = ?)', ['pending'])
DEBUG:__main__:No tasks found, sleeping for 1 seconds.
DEBUG:peewee:('SELECT "t1"."id", "t1"."title", "t1"."image", "t1"."command", "t1"."description", "t1"."status", "t1"."execution_time", "t1"."logs" FROM "task" AS "t1" WHERE ("t1"."status" = ?)', ['pending'])
DEBUG:__main__:No tasks found, sleeping for 1 seconds.
DEBUG:peewee:('SELECT "t1"."id", "t1"."title", "t1"."image", "t1"."command", "t1"."description", "t1"."status", "t1"."execution_time", "t1"."logs" FROM "task" AS "t1" WHERE ("t1"."status" = ?)', ['pending'])
DEBUG:__main__:No tasks found, sleeping for 1 seconds.
DEBUG:peewee:('SELECT "t1"."id", "t1"."title", "t1"."image", "t1"."command", "t1"."description", "t1"."status", "t1"."execution_time", "t1"."logs" FROM "task" AS "t1" WHERE ("t1"."status" = ?)', ['pending'])
DEBUG:__main__:No tasks found, sleeping for 1 seconds.
DEBUG:peewee:('SELECT "t1"."id", "t1"."title", "t1"."image", "t1"."command", "t1"."description", "t1"."status", "t1"."execution_time", "t1"."logs" FROM "task" AS "t1" WHERE ("t1"."status" = ?)', ['pending'])
DEBUG:__main__:No tasks found, sleeping for 1 seconds.
DEBUG:peewee:('SELECT "t1"."id", "t1"."title", "t1"."image", "t1"."command", "t1"."description", "t1"."status", "t1"."execution_time", "t1"."logs" FROM "task" AS "t1" WHERE ("t1"."status" = ?)', ['pending'])
DEBUG:__main__:No tasks found, sleeping for 1 seconds.
DEBUG:peewee:('SELECT "t1"."id", "t1"."title", "t1"."image", "t1"."command", "t1"."description", "t1"."status", "t1"."execution_time", "t1"."logs" FROM "task" AS "t1" WHERE ("t1"."status" = ?)', ['pending'])
DEBUG:__main__:No tasks found, sleeping for 1 seconds.
DEBUG:peewee:('SELECT "t1"."id", "t1"."title", "t1"."image", "t1"."command", "t1"."description", "t1"."status", "t1"."execution_time", "t1"."logs" FROM "task" AS "t1" WHERE ("t1"."status" = ?)', ['pending'])
DEBUG:__main__:No tasks found, sleeping for 1 seconds.
DEBUG:peewee:('SELECT "t1"."id", "t1"."title", "t1"."image", "t1"."command", "t1"."description", "t1"."status", "t1"."execution_time", "t1"."logs" FROM "task" AS "t1" WHERE ("t1"."status" = ?)', ['pending'])
DEBUG:__main__:No tasks found, sleeping for 1 seconds.
DEBUG:peewee:('SELECT "t1"."id", "t1"."title", "t1"."image", "t1"."command", "t1"."description", "t1"."status", "t1"."execution_time", "t1"."logs" FROM "task" AS "t1" WHERE ("t1"."status" = ?)', ['pending'])
DEBUG:__main__:No tasks found, sleeping for 1 seconds.
DEBUG:peewee:('SELECT "t1"."id", "t1"."title", "t1"."image", "t1"."command", "t1"."description", "t1"."status", "t1"."execution_time", "t1"."logs" FROM "task" AS "t1" WHERE ("t1"."status" = ?)', ['pending'])
DEBUG:__main__:No tasks found, sleeping for 1 seconds.
DEBUG:peewee:('SELECT "t1"."id", "t1"."title", "t1"."image", "t1"."command", "t1"."description", "t1"."status", "t1"."execution_time", "t1"."logs" FROM "task" AS "t1" WHERE ("t1"."status" = ?)', ['pending'])
DEBUG:__main__:No tasks found, sleeping for 1 seconds.
DEBUG:peewee:('SELECT "t1"."id", "t1"."title", "t1"."image", "t1"."command", "t1"."description", "t1"."status", "t1"."execution_time", "t1"."logs" FROM "task" AS "t1" WHERE ("t1"."status" = ?)', ['pending'])
DEBUG:__main__:No tasks found, sleeping for 1 seconds.
DEBUG:peewee:('SELECT "t1"."id", "t1"."title", "t1"."image", "t1"."command", "t1"."description", "t1"."status", "t1"."execution_time", "t1"."logs" FROM "task" AS "t1" WHERE ("t1"."status" = ?)', ['pending'])
DEBUG:__main__:No tasks found, sleeping for 1 seconds.
DEBUG:peewee:('SELECT "t1"."id", "t1"."title", "t1"."image", "t1"."command", "t1"."description", "t1"."status", "t1"."execution_time", "t1"."logs" FROM "task" AS "t1" WHERE ("t1"."status" = ?)', ['pending'])
DEBUG:__main__:No tasks found, sleeping for 1 seconds.
DEBUG:peewee:('SELECT "t1"."id", "t1"."title", "t1"."image", "t1"."command", "t1"."description", "t1"."status", "t1"."execution_time", "t1"."logs" FROM "task" AS "t1" WHERE ("t1"."status" = ?)', ['pending'])
DEBUG:__main__:No tasks found, sleeping for 1 seconds.
DEBUG:peewee:('SELECT "t1"."id", "t1"."title", "t1"."image", "t1"."command", "t1"."description", "t1"."status", "t1"."execution_time", "t1"."logs" FROM "task" AS "t1" WHERE ("t1"."status" = ?)', ['pending'])
DEBUG:__main__:No tasks found, sleeping for 1 seconds.
DEBUG:peewee:('SELECT "t1"."id", "t1"."title", "t1"."image", "t1"."command", "t1"."description", "t1"."status", "t1"."execution_time", "t1"."logs" FROM "task" AS "t1" WHERE ("t1"."status" = ?)', ['pending'])
DEBUG:__main__:No tasks found, sleeping for 1 seconds.
DEBUG:peewee:('SELECT "t1"."id", "t1"."title", "t1"."image", "t1"."command", "t1"."description", "t1"."status", "t1"."execution_time", "t1"."logs" FROM "task" AS "t1" WHERE ("t1"."status" = ?)', ['pending'])
DEBUG:__main__:No tasks found, sleeping for 1 seconds.
DEBUG:peewee:('SELECT "t1"."id", "t1"."title", "t1"."image", "t1"."command", "t1"."description", "t1"."status", "t1"."execution_time", "t1"."logs" FROM "task" AS "t1" WHERE ("t1"."status" = ?)', ['pending'])
DEBUG:__main__:No tasks found, sleeping for 1 seconds.
DEBUG:peewee:('SELECT "t1"."id", "t1"."title", "t1"."image", "t1"."command", "t1"."description", "t1"."status", "t1"."execution_time", "t1"."logs" FROM "task" AS "t1" WHERE ("t1"."status" = ?)', ['pending'])
DEBUG:__main__:No tasks found, sleeping for 1 seconds.
DEBUG:peewee:('SELECT "t1"."id", "t1"."title", "t1"."image", "t1"."command", "t1"."description", "t1"."status", "t1"."execution_time", "t1"."logs" FROM "task" AS "t1" WHERE ("t1"."status" = ?)', ['pending'])
DEBUG:__main__:No tasks found, sleeping for 1 seconds.
DEBUG:peewee:('SELECT "t1"."id", "t1"."title", "t1"."image", "t1"."command", "t1"."description", "t1"."status", "t1"."execution_time", "t1"."logs" FROM "task" AS "t1" WHERE ("t1"."status" = ?)', ['pending'])
DEBUG:__main__:No tasks found, sleeping for 1 seconds.
DEBUG:peewee:('SELECT "t1"."id", "t1"."title", "t1"."image", "t1"."command", "t1"."description", "t1"."status", "t1"."execution_time", "t1"."logs" FROM "task" AS "t1" WHERE ("t1"."status" = ?)', ['pending'])
DEBUG:__main__:No tasks found, sleeping for 1 seconds.
DEBUG:peewee:('SELECT "t1"."id", "t1"."title", "t1"."image", "t1"."command", "t1"."description", "t1"."status", "t1"."execution_time", "t1"."logs" FROM "task" AS "t1" WHERE ("t1"."status" = ?)', ['pending'])
DEBUG:__main__:No tasks found, sleeping for 1 seconds.
DEBUG:peewee:('SELECT "t1"."id", "t1"."title", "t1"."image", "t1"."command", "t1"."description", "t1"."status", "t1"."execution_time", "t1"."logs" FROM "task" AS "t1" WHERE ("t1"."status" = ?)', ['pending'])
DEBUG:__main__:No tasks found, sleeping for 1 seconds.
DEBUG:peewee:('SELECT "t1"."id", "t1"."title", "t1"."image", "t1"."command", "t1"."description", "t1"."status", "t1"."execution_time", "t1"."logs" FROM "task" AS "t1" WHERE ("t1"."status" = ?)', ['pending'])
DEBUG:__main__:No tasks found, sleeping for 1 seconds.
DEBUG:peewee:('SELECT "t1"."id", "t1"."title", "t1"."image", "t1"."command", "t1"."description", "t1"."status", "t1"."execution_time", "t1"."logs" FROM "task" AS "t1" WHERE ("t1"."status" = ?)', ['pending'])
DEBUG:__main__:No tasks found, sleeping for 1 seconds.
DEBUG:peewee:('SELECT "t1"."id", "t1"."title", "t1"."image", "t1"."command", "t1"."description", "t1"."status", "t1"."execution_time", "t1"."logs" FROM "task" AS "t1" WHERE ("t1"."status" = ?)', ['pending'])
DEBUG:__main__:No tasks found, sleeping for 1 seconds.
DEBUG:peewee:('SELECT "t1"."id", "t1"."title", "t1"."image", "t1"."command", "t1"."description", "t1"."status", "t1"."execution_time", "t1"."logs" FROM "task" AS "t1" WHERE ("t1"."status" = ?)', ['pending'])
DEBUG:__main__:No tasks found, sleeping for 1 seconds.
DEBUG:peewee:('SELECT "t1"."id", "t1"."title", "t1"."image", "t1"."command", "t1"."description", "t1"."status", "t1"."execution_time", "t1"."logs" FROM "task" AS "t1" WHERE ("t1"."status" = ?)', ['pending'])
DEBUG:__main__:No tasks found, sleeping for 1 seconds.
DEBUG:peewee:('SELECT "t1"."id", "t1"."title", "t1"."image", "t1"."command", "t1"."description", "t1"."status", "t1"."execution_time", "t1"."logs" FROM "task" AS "t1" WHERE ("t1"."status" = ?)', ['pending'])
DEBUG:__main__:No tasks found, sleeping for 1 seconds.
DEBUG:peewee:('SELECT "t1"."id", "t1"."title", "t1"."image", "t1"."command", "t1"."description", "t1"."status", "t1"."execution_time", "t1"."logs" FROM "task" AS "t1" WHERE ("t1"."status" = ?)', ['pending'])
DEBUG:__main__:No tasks found, sleeping for 1 seconds.
DEBUG:peewee:('SELECT "t1"."id", "t1"."title", "t1"."image", "t1"."command", "t1"."description", "t1"."status", "t1"."execution_time", "t1"."logs" FROM "task" AS "t1" WHERE ("t1"."status" = ?)', ['pending'])
DEBUG:__main__:No tasks found, sleeping for 1 seconds.
DEBUG:peewee:('SELECT "t1"."id", "t1"."title", "t1"."image", "t1"."command", "t1"."description", "t1"."status", "t1"."execution_time", "t1"."logs" FROM "task" AS "t1" WHERE ("t1"."status" = ?)', ['pending'])
DEBUG:__main__:No tasks found, sleeping for 1 seconds.
DEBUG:peewee:('SELECT "t1"."id", "t1"."title", "t1"."image", "t1"."command", "t1"."description", "t1"."status", "t1"."execution_time", "t1"."logs" FROM "task" AS "t1" WHERE ("t1"."status" = ?)', ['pending'])
DEBUG:__main__:No tasks found, sleeping for 1 seconds.
DEBUG:peewee:('SELECT "t1"."id", "t1"."title", "t1"."image", "t1"."command", "t1"."description", "t1"."status", "t1"."execution_time", "t1"."logs" FROM "task" AS "t1" WHERE ("t1"."status" = ?)', ['pending'])
DEBUG:__main__:No tasks found, sleeping for 1 seconds.
DEBUG:peewee:('SELECT "t1"."id", "t1"."title", "t1"."image", "t1"."command", "t1"."description", "t1"."status", "t1"."execution_time", "t1"."logs" FROM "task" AS "t1" WHERE ("t1"."status" = ?)', ['pending'])
DEBUG:__main__:No tasks found, sleeping for 1 seconds.
DEBUG:peewee:('SELECT "t1"."id", "t1"."title", "t1"."image", "t1"."command", "t1"."description", "t1"."status", "t1"."execution_time", "t1"."logs" FROM "task" AS "t1" WHERE ("t1"."status" = ?)', ['pending'])
DEBUG:__main__:No tasks found, sleeping for 1 seconds.
DEBUG:peewee:('SELECT "t1"."id", "t1"."title", "t1"."image", "t1"."command", "t1"."description", "t1"."status", "t1"."execution_time", "t1"."logs" FROM "task" AS "t1" WHERE ("t1"."status" = ?)', ['pending'])
DEBUG:__main__:No tasks found, sleeping for 1 seconds.
DEBUG:peewee:('SELECT "t1"."id", "t1"."title", "t1"."image", "t1"."command", "t1"."description", "t1"."status", "t1"."execution_time", "t1"."logs" FROM "task" AS "t1" WHERE ("t1"."status" = ?)', ['pending'])
DEBUG:__main__:No tasks found, sleeping for 1 seconds.
DEBUG:peewee:('SELECT "t1"."id", "t1"."title", "t1"."image", "t1"."command", "t1"."description", "t1"."status", "t1"."execution_time", "t1"."logs" FROM "task" AS "t1" WHERE ("t1"."status" = ?)', ['pending'])
DEBUG:__main__:No tasks found, sleeping for 1 seconds.
DEBUG:peewee:('SELECT "t1"."id", "t1"."title", "t1"."image", "t1"."command", "t1"."description", "t1"."status", "t1"."execution_time", "t1"."logs" FROM "task" AS "t1" WHERE ("t1"."status" = ?)', ['pending'])
DEBUG:__main__:No tasks found, sleeping for 1 seconds.
DEBUG:peewee:('SELECT "t1"."id", "t1"."title", "t1"."image", "t1"."command", "t1"."description", "t1"."status", "t1"."execution_time", "t1"."logs" FROM "task" AS "t1" WHERE ("t1"."status" = ?)', ['pending'])
DEBUG:__main__:No tasks found, sleeping for 1 seconds.
DEBUG:peewee:('SELECT "t1"."id", "t1"."title", "t1"."image", "t1"."command", "t1"."description", "t1"."status", "t1"."execution_time", "t1"."logs" FROM "task" AS "t1" WHERE ("t1"."status" = ?)', ['pending'])
DEBUG:__main__:No tasks found, sleeping for 1 seconds.
DEBUG:peewee:('SELECT "t1"."id", "t1"."title", "t1"."image", "t1"."command", "t1"."description", "t1"."status", "t1"."execution_time", "t1"."logs" FROM "task" AS "t1" WHERE ("t1"."status" = ?)', ['pending'])
DEBUG:__main__:No tasks found, sleeping for 1 seconds.
DEBUG:peewee:('SELECT "t1"."id", "t1"."title", "t1"."image", "t1"."command", "t1"."description", "t1"."status", "t1"."execution_time", "t1"."logs" FROM "task" AS "t1" WHERE ("t1"."status" = ?)', ['pending'])
DEBUG:__main__:No tasks found, sleeping for 1 seconds.
DEBUG:peewee:('SELECT "t1"."id", "t1"."title", "t1"."image", "t1"."command", "t1"."description", "t1"."status", "t1"."execution_time", "t1"."logs" FROM "task" AS "t1" WHERE ("t1"."status" = ?)', ['pending'])
DEBUG:__main__:No tasks found, sleeping for 1 seconds.
DEBUG:peewee:('SELECT "t1"."id", "t1"."title", "t1"."image", "t1"."command", "t1"."description", "t1"."status", "t1"."execution_time", "t1"."logs" FROM "task" AS "t1" WHERE ("t1"."status" = ?)', ['pending'])
DEBUG:__main__:No tasks found, sleeping for 1 seconds.
DEBUG:peewee:('SELECT "t1"."id", "t1"."title", "t1"."image", "t1"."command", "t1"."description", "t1"."status", "t1"."execution_time", "t1"."logs" FROM "task" AS "t1" WHERE ("t1"."status" = ?)', ['pending'])
DEBUG:__main__:No tasks found, sleeping for 1 seconds.
DEBUG:peewee:('SELECT "t1"."id", "t1"."title", "t1"."image", "t1"."command", "t1"."description", "t1"."status", "t1"."execution_time", "t1"."logs" FROM "task" AS "t1" WHERE ("t1"."status" = ?)', ['pending'])
DEBUG:__main__:No tasks found, sleeping for 1 seconds.
DEBUG:peewee:('SELECT "t1"."id", "t1"."title", "t1"."image", "t1"."command", "t1"."description", "t1"."status", "t1"."execution_time", "t1"."logs" FROM "task" AS "t1" WHERE ("t1"."status" = ?)', ['pending'])
DEBUG:__main__:No tasks found, sleeping for 1 seconds.
DEBUG:peewee:('SELECT "t1"."id", "t1"."title", "t1"."image", "t1"."command", "t1"."description", "t1"."status", "t1"."execution_time", "t1"."logs" FROM "task" AS "t1" WHERE ("t1"."status" = ?)', ['pending'])
DEBUG:__main__:No tasks found, sleeping for 1 seconds.
DEBUG:peewee:('SELECT "t1"."id", "t1"."title", "t1"."image", "t1"."command", "t1"."description", "t1"."status", "t1"."execution_time", "t1"."logs" FROM "task" AS "t1" WHERE ("t1"."status" = ?)', ['pending'])
DEBUG:__main__:No tasks found, sleeping for 1 seconds.
DEBUG:peewee:('SELECT "t1"."id", "t1"."title", "t1"."image", "t1"."command", "t1"."description", "t1"."status", "t1"."execution_time", "t1"."logs" FROM "task" AS "t1" WHERE ("t1"."status" = ?)', ['pending'])
DEBUG:__main__:No tasks found, sleeping for 1 seconds.
DEBUG:peewee:('SELECT "t1"."id", "t1"."title", "t1"."image", "t1"."command", "t1"."description", "t1"."status", "t1"."execution_time", "t1"."logs" FROM "task" AS "t1" WHERE ("t1"."status" = ?)', ['pending'])
DEBUG:__main__:No tasks found, sleeping for 1 seconds.
DEBUG:peewee:('SELECT "t1"."id", "t1"."title", "t1"."image", "t1"."command", "t1"."description", "t1"."status", "t1"."execution_time", "t1"."logs" FROM "task" AS "t1" WHERE ("t1"."status" = ?)', ['pending'])
DEBUG:__main__:No tasks found, sleeping for 1 seconds.
DEBUG:peewee:('SELECT "t1"."id", "t1"."title", "t1"."image", "t1"."command", "t1"."description", "t1"."status", "t1"."execution_time", "t1"."logs" FROM "task" AS "t1" WHERE ("t1"."status" = ?)', ['pending'])
DEBUG:__main__:No tasks found, sleeping for 1 seconds.
DEBUG:peewee:('SELECT "t1"."id", "t1"."title", "t1"."image", "t1"."command", "t1"."description", "t1"."status", "t1"."execution_time", "t1"."logs" FROM "task" AS "t1" WHERE ("t1"."status" = ?)', ['pending'])
DEBUG:__main__:No tasks found, sleeping for 1 seconds.
DEBUG:peewee:('SELECT "t1"."id", "t1"."title", "t1"."image", "t1"."command", "t1"."description", "t1"."status", "t1"."execution_time", "t1"."logs" FROM "task" AS "t1" WHERE ("t1"."status" = ?)', ['pending'])
DEBUG:__main__:No tasks found, sleeping for 1 seconds.
DEBUG:peewee:('SELECT "t1"."id", "t1"."title", "t1"."image", "t1"."command", "t1"."description", "t1"."status", "t1"."execution_time", "t1"."logs" FROM "task" AS "t1" WHERE ("t1"."status" = ?)', ['pending'])
DEBUG:__main__:No tasks found, sleeping for 1 seconds.
DEBUG:peewee:('SELECT "t1"."id", "t1"."title", "t1"."image", "t1"."command", "t1"."description", "t1"."status", "t1"."execution_time", "t1"."logs" FROM "task" AS "t1" WHERE ("t1"."status" = ?)', ['pending'])
DEBUG:__main__:No tasks found, sleeping for 1 seconds.
DEBUG:peewee:('SELECT "t1"."id", "t1"."title", "t1"."image", "t1"."command", "t1"."description", "t1"."status", "t1"."execution_time", "t1"."logs" FROM "task" AS "t1" WHERE ("t1"."status" = ?)', ['pending'])
DEBUG:__main__:No tasks found, sleeping for 1 seconds.
DEBUG:peewee:('SELECT "t1"."id", "t1"."title", "t1"."image", "t1"."command", "t1"."description", "t1"."status", "t1"."execution_time", "t1"."logs" FROM "task" AS "t1" WHERE ("t1"."status" = ?)', ['pending'])
DEBUG:__main__:No tasks found, sleeping for 1 seconds.
DEBUG:peewee:('SELECT "t1"."id", "t1"."title", "t1"."image", "t1"."command", "t1"."description", "t1"."status", "t1"."execution_time", "t1"."logs" FROM "task" AS "t1" WHERE ("t1"."status" = ?)', ['pending'])
DEBUG:__main__:No tasks found, sleeping for 1 seconds.
DEBUG:peewee:('SELECT "t1"."id", "t1"."title", "t1"."image", "t1"."command", "t1"."description", "t1"."status", "t1"."execution_time", "t1"."logs" FROM "task" AS "t1" WHERE ("t1"."status" = ?)', ['pending'])
DEBUG:__main__:No tasks found, sleeping for 1 seconds.
DEBUG:peewee:('SELECT "t1"."id", "t1"."title", "t1"."image", "t1"."command", "t1"."description", "t1"."status", "t1"."execution_time", "t1"."logs" FROM "task" AS "t1" WHERE ("t1"."status" = ?)', ['pending'])
DEBUG:__main__:No tasks found, sleeping for 1 seconds.
DEBUG:peewee:('SELECT "t1"."id", "t1"."title", "t1"."image", "t1"."command", "t1"."description", "t1"."status", "t1"."execution_time", "t1"."logs" FROM "task" AS "t1" WHERE ("t1"."status" = ?)', ['pending'])
DEBUG:__main__:No tasks found, sleeping for 1 seconds.
DEBUG:peewee:('SELECT "t1"."id", "t1"."title", "t1"."image", "t1"."command", "t1"."description", "t1"."status", "t1"."execution_time", "t1"."logs" FROM "task" AS "t1" WHERE ("t1"."status" = ?)', ['pending'])
DEBUG:__main__:No tasks found, sleeping for 1 seconds.
DEBUG:peewee:('SELECT "t1"."id", "t1"."title", "t1"."image", "t1"."command", "t1"."description", "t1"."status", "t1"."execution_time", "t1"."logs" FROM "task" AS "t1" WHERE ("t1"."status" = ?)', ['pending'])
DEBUG:__main__:No tasks found, sleeping for 1 seconds.
DEBUG:peewee:('SELECT "t1"."id", "t1"."title", "t1"."image", "t1"."command", "t1"."description", "t1"."status", "t1"."execution_time", "t1"."logs" FROM "task" AS "t1" WHERE ("t1"."status" = ?)', ['pending'])
DEBUG:__main__:No tasks found, sleeping for 1 seconds.
DEBUG:peewee:('SELECT "t1"."id", "t1"."title", "t1"."image", "t1"."command", "t1"."description", "t1"."status", "t1"."execution_time", "t1"."logs" FROM "task" AS "t1" WHERE ("t1"."status" = ?)', ['pending'])
DEBUG:__main__:No tasks found, sleeping for 1 seconds.
DEBUG:peewee:('SELECT "t1"."id", "t1"."title", "t1"."image", "t1"."command", "t1"."description", "t1"."status", "t1"."execution_time", "t1"."logs" FROM "task" AS "t1" WHERE ("t1"."status" = ?)', ['pending'])
DEBUG:__main__:No tasks found, sleeping for 1 seconds.
DEBUG:peewee:('SELECT "t1"."id", "t1"."title", "t1"."image", "t1"."command", "t1"."description", "t1"."status", "t1"."execution_time", "t1"."logs" FROM "task" AS "t1" WHERE ("t1"."status" = ?)', ['pending'])
DEBUG:__main__:No tasks found, sleeping for 1 seconds.
DEBUG:peewee:('SELECT "t1"."id", "t1"."title", "t1"."image", "t1"."command", "t1"."description", "t1"."status", "t1"."execution_time", "t1"."logs" FROM "task" AS "t1" WHERE ("t1"."status" = ?)', ['pending'])
DEBUG:__main__:No tasks found, sleeping for 1 seconds.
DEBUG:peewee:('SELECT "t1"."id", "t1"."title", "t1"."image", "t1"."command", "t1"."description", "t1"."status", "t1"."execution_time", "t1"."logs" FROM "task" AS "t1" WHERE ("t1"."status" = ?)', ['pending'])
DEBUG:__main__:No tasks found, sleeping for 1 seconds.
DEBUG:peewee:('SELECT "t1"."id", "t1"."title", "t1"."image", "t1"."command", "t1"."description", "t1"."status", "t1"."execution_time", "t1"."logs" FROM "task" AS "t1" WHERE ("t1"."status" = ?)', ['pending'])
DEBUG:__main__:No tasks found, sleeping for 1 seconds.
DEBUG:peewee:('SELECT "t1"."id", "t1"."title", "t1"."image", "t1"."command", "t1"."description", "t1"."status", "t1"."execution_time", "t1"."logs" FROM "task" AS "t1" WHERE ("t1"."status" = ?)', ['pending'])
DEBUG:__main__:No tasks found, sleeping for 1 seconds.
DEBUG:peewee:('SELECT "t1"."id", "t1"."title", "t1"."image", "t1"."command", "t1"."description", "t1"."status", "t1"."execution_time", "t1"."logs" FROM "task" AS "t1" WHERE ("t1"."status" = ?)', ['pending'])
DEBUG:__main__:No tasks found, sleeping for 1 seconds.
DEBUG:peewee:('SELECT "t1"."id", "t1"."title", "t1"."image", "t1"."command", "t1"."description", "t1"."status", "t1"."execution_time", "t1"."logs" FROM "task" AS "t1" WHERE ("t1"."status" = ?)', ['pending'])
DEBUG:__main__:No tasks found, sleeping for 1 seconds.
DEBUG:peewee:('SELECT "t1"."id", "t1"."title", "t1"."image", "t1"."command", "t1"."description", "t1"."status", "t1"."execution_time", "t1"."logs" FROM "task" AS "t1" WHERE ("t1"."status" = ?)', ['pending'])
DEBUG:__main__:No tasks found, sleeping for 1 seconds.
DEBUG:peewee:('SELECT "t1"."id", "t1"."title", "t1"."image", "t1"."command", "t1"."description", "t1"."status", "t1"."execution_time", "t1"."logs" FROM "task" AS "t1" WHERE ("t1"."status" = ?)', ['pending'])
DEBUG:__main__:No tasks found, sleeping for 1 seconds.
DEBUG:peewee:('SELECT "t1"."id", "t1"."title", "t1"."image", "t1"."command", "t1"."description", "t1"."status", "t1"."execution_time", "t1"."logs" FROM "task" AS "t1" WHERE ("t1"."status" = ?)', ['pending'])
DEBUG:__main__:No tasks found, sleeping for 1 seconds.
DEBUG:peewee:('SELECT "t1"."id", "t1"."title", "t1"."image", "t1"."command", "t1"."description", "t1"."status", "t1"."execution_time", "t1"."logs" FROM "task" AS "t1" WHERE ("t1"."status" = ?)', ['pending'])
DEBUG:__main__:No tasks found, sleeping for 1 seconds.
DEBUG:peewee:('SELECT "t1"."id", "t1"."title", "t1"."image", "t1"."command", "t1"."description", "t1"."status", "t1"."execution_time", "t1"."logs" FROM "task" AS "t1" WHERE ("t1"."status" = ?)', ['pending'])
DEBUG:__main__:No tasks found, sleeping for 1 seconds.
DEBUG:peewee:('SELECT "t1"."id", "t1"."title", "t1"."image", "t1"."command", "t1"."description", "t1"."status", "t1"."execution_time", "t1"."logs" FROM "task" AS "t1" WHERE ("t1"."status" = ?)', ['pending'])
DEBUG:__main__:No tasks found, sleeping for 1 seconds.
DEBUG:peewee:('SELECT "t1"."id", "t1"."title", "t1"."image", "t1"."command", "t1"."description", "t1"."status", "t1"."execution_time", "t1"."logs" FROM "task" AS "t1" WHERE ("t1"."status" = ?)', ['pending'])
DEBUG:__main__:No tasks found, sleeping for 1 seconds.
DEBUG:peewee:('SELECT "t1"."id", "t1"."title", "t1"."image", "t1"."command", "t1"."description", "t1"."status", "t1"."execution_time", "t1"."logs" FROM "task" AS "t1" WHERE ("t1"."status" = ?)', ['pending'])
DEBUG:__main__:No tasks found, sleeping for 1 seconds.
DEBUG:peewee:('SELECT "t1"."id", "t1"."title", "t1"."image", "t1"."command", "t1"."description", "t1"."status", "t1"."execution_time", "t1"."logs" FROM "task" AS "t1" WHERE ("t1"."status" = ?)', ['pending'])
DEBUG:__main__:No tasks found, sleeping for 1 seconds.
DEBUG:peewee:('SELECT "t1"."id", "t1"."title", "t1"."image", "t1"."command", "t1"."description", "t1"."status", "t1"."execution_time", "t1"."logs" FROM "task" AS "t1" WHERE ("t1"."status" = ?)', ['pending'])
DEBUG:__main__:No tasks found, sleeping for 1 seconds.
DEBUG:peewee:('SELECT "t1"."id", "t1"."title", "t1"."image", "t1"."command", "t1"."description", "t1"."status", "t1"."execution_time", "t1"."logs" FROM "task" AS "t1" WHERE ("t1"."status" = ?)', ['pending'])
DEBUG:__main__:No tasks found, sleeping for 1 seconds.
DEBUG:peewee:('SELECT "t1"."id", "t1"."title", "t1"."image", "t1"."command", "t1"."description", "t1"."status", "t1"."execution_time", "t1"."logs" FROM "task" AS "t1" WHERE ("t1"."status" = ?)', ['pending'])
DEBUG:__main__:No tasks found, sleeping for 1 seconds.
DEBUG:peewee:('SELECT "t1"."id", "t1"."title", "t1"."image", "t1"."command", "t1"."description", "t1"."status", "t1"."execution_time", "t1"."logs" FROM "task" AS "t1" WHERE ("t1"."status" = ?)', ['pending'])
DEBUG:__main__:No tasks found, sleeping for 1 seconds.
DEBUG:peewee:('SELECT "t1"."id", "t1"."title", "t1"."image", "t1"."command", "t1"."description", "t1"."status", "t1"."execution_time", "t1"."logs" FROM "task" AS "t1" WHERE ("t1"."status" = ?)', ['pending'])
DEBUG:__main__:No tasks found, sleeping for 1 seconds.
DEBUG:peewee:('SELECT "t1"."id", "t1"."title", "t1"."image", "t1"."command", "t1"."description", "t1"."status", "t1"."execution_time", "t1"."logs" FROM "task" AS "t1" WHERE ("t1"."status" = ?)', ['pending'])
DEBUG:__main__:No tasks found, sleeping for 1 seconds.
DEBUG:peewee:('SELECT "t1"."id", "t1"."title", "t1"."image", "t1"."command", "t1"."description", "t1"."status", "t1"."execution_time", "t1"."logs" FROM "task" AS "t1" WHERE ("t1"."status" = ?)', ['pending'])
DEBUG:__main__:No tasks found, sleeping for 1 seconds.
DEBUG:peewee:('SELECT "t1"."id", "t1"."title", "t1"."image", "t1"."command", "t1"."description", "t1"."status", "t1"."execution_time", "t1"."logs" FROM "task" AS "t1" WHERE ("t1"."status" = ?)', ['pending'])
DEBUG:__main__:No tasks found, sleeping for 1 seconds.
DEBUG:peewee:('SELECT "t1"."id", "t1"."title", "t1"."image", "t1"."command", "t1"."description", "t1"."status", "t1"."execution_time", "t1"."logs" FROM "task" AS "t1" WHERE ("t1"."status" = ?)', ['pending'])
DEBUG:__main__:No tasks found, sleeping for 1 seconds.
DEBUG:peewee:('SELECT "t1"."id", "t1"."title", "t1"."image", "t1"."command", "t1"."description", "t1"."status", "t1"."execution_time", "t1"."logs" FROM "task" AS "t1" WHERE ("t1"."status" = ?)', ['pending'])
DEBUG:__main__:No tasks found, sleeping for 1 seconds.
DEBUG:peewee:('SELECT "t1"."id", "t1"."title", "t1"."image", "t1"."command", "t1"."description", "t1"."status", "t1"."execution_time", "t1"."logs" FROM "task" AS "t1" WHERE ("t1"."status" = ?)', ['pending'])
DEBUG:__main__:No tasks found, sleeping for 1 seconds.
DEBUG:peewee:('SELECT "t1"."id", "t1"."title", "t1"."image", "t1"."command", "t1"."description", "t1"."status", "t1"."execution_time", "t1"."logs" FROM "task" AS "t1" WHERE ("t1"."status" = ?)', ['pending'])
DEBUG:__main__:No tasks found, sleeping for 1 seconds.
DEBUG:peewee:('SELECT "t1"."id", "t1"."title", "t1"."image", "t1"."command", "t1"."description", "t1"."status", "t1"."execution_time", "t1"."logs" FROM "task" AS "t1" WHERE ("t1"."status" = ?)', ['pending'])
DEBUG:__main__:No tasks found, sleeping for 1 seconds.
DEBUG:peewee:('SELECT "t1"."id", "t1"."title", "t1"."image", "t1"."command", "t1"."description", "t1"."status", "t1"."execution_time", "t1"."logs" FROM "task" AS "t1" WHERE ("t1"."status" = ?)', ['pending'])
DEBUG:__main__:No tasks found, sleeping for 1 seconds.
DEBUG:peewee:('SELECT "t1"."id", "t1"."title", "t1"."image", "t1"."command", "t1"."description", "t1"."status", "t1"."execution_time", "t1"."logs" FROM "task" AS "t1" WHERE ("t1"."status" = ?)', ['pending'])
DEBUG:__main__:No tasks found, sleeping for 1 seconds.
DEBUG:peewee:('SELECT "t1"."id", "t1"."title", "t1"."image", "t1"."command", "t1"."description", "t1"."status", "t1"."execution_time", "t1"."logs" FROM "task" AS "t1" WHERE ("t1"."status" = ?)', ['pending'])
DEBUG:__main__:No tasks found, sleeping for 1 seconds.
DEBUG:peewee:('SELECT "t1"."id", "t1"."title", "t1"."image", "t1"."command", "t1"."description", "t1"."status", "t1"."execution_time", "t1"."logs" FROM "task" AS "t1" WHERE ("t1"."status" = ?)', ['pending'])
DEBUG:__main__:No tasks found, sleeping for 1 seconds.
DEBUG:peewee:('SELECT "t1"."id", "t1"."title", "t1"."image", "t1"."command", "t1"."description", "t1"."status", "t1"."execution_time", "t1"."logs" FROM "task" AS "t1" WHERE ("t1"."status" = ?)', ['pending'])
DEBUG:__main__:No tasks found, sleeping for 1 seconds.
DEBUG:peewee:('SELECT "t1"."id", "t1"."title", "t1"."image", "t1"."command", "t1"."description", "t1"."status", "t1"."execution_time", "t1"."logs" FROM "task" AS "t1" WHERE ("t1"."status" = ?)', ['pending'])
DEBUG:__main__:No tasks found, sleeping for 1 seconds.
DEBUG:peewee:('SELECT "t1"."id", "t1"."title", "t1"."image", "t1"."command", "t1"."description", "t1"."status", "t1"."execution_time", "t1"."logs" FROM "task" AS "t1" WHERE ("t1"."status" = ?)', ['pending'])
DEBUG:__main__:No tasks found, sleeping for 1 seconds.
DEBUG:peewee:('SELECT "t1"."id", "t1"."title", "t1"."image", "t1"."command", "t1"."description", "t1"."status", "t1"."execution_time", "t1"."logs" FROM "task" AS "t1" WHERE ("t1"."status" = ?)', ['pending'])
DEBUG:__main__:No tasks found, sleeping for 1 seconds.
DEBUG:peewee:('SELECT "t1"."id", "t1"."title", "t1"."image", "t1"."command", "t1"."description", "t1"."status", "t1"."execution_time", "t1"."logs" FROM "task" AS "t1" WHERE ("t1"."status" = ?)', ['pending'])
DEBUG:__main__:No tasks found, sleeping for 1 seconds.
DEBUG:peewee:('SELECT "t1"."id", "t1"."title", "t1"."image", "t1"."command", "t1"."description", "t1"."status", "t1"."execution_time", "t1"."logs" FROM "task" AS "t1" WHERE ("t1"."status" = ?)', ['pending'])
DEBUG:__main__:No tasks found, sleeping for 1 seconds.
DEBUG:peewee:('SELECT "t1"."id", "t1"."title", "t1"."image", "t1"."command", "t1"."description", "t1"."status", "t1"."execution_time", "t1"."logs" FROM "task" AS "t1" WHERE ("t1"."status" = ?)', ['pending'])
DEBUG:__main__:No tasks found, sleeping for 1 seconds.
DEBUG:peewee:('SELECT "t1"."id", "t1"."title", "t1"."image", "t1"."command", "t1"."description", "t1"."status", "t1"."execution_time", "t1"."logs" FROM "task" AS "t1" WHERE ("t1"."status" = ?)', ['pending'])
DEBUG:__main__:No tasks found, sleeping for 1 seconds.
DEBUG:peewee:('SELECT "t1"."id", "t1"."title", "t1"."image", "t1"."command", "t1"."description", "t1"."status", "t1"."execution_time", "t1"."logs" FROM "task" AS "t1" WHERE ("t1"."status" = ?)', ['pending'])
DEBUG:__main__:No tasks found, sleeping for 1 seconds.
DEBUG:peewee:('SELECT "t1"."id", "t1"."title", "t1"."image", "t1"."command", "t1"."description", "t1"."status", "t1"."execution_time", "t1"."logs" FROM "task" AS "t1" WHERE ("t1"."status" = ?)', ['pending'])
DEBUG:__main__:No tasks found, sleeping for 1 seconds.
DEBUG:peewee:('SELECT "t1"."id", "t1"."title", "t1"."image", "t1"."command", "t1"."description", "t1"."status", "t1"."execution_time", "t1"."logs" FROM "task" AS "t1" WHERE ("t1"."status" = ?)', ['pending'])
DEBUG:__main__:No tasks found, sleeping for 1 seconds.
DEBUG:peewee:('SELECT "t1"."id", "t1"."title", "t1"."image", "t1"."command", "t1"."description", "t1"."status", "t1"."execution_time", "t1"."logs" FROM "task" AS "t1" WHERE ("t1"."status" = ?)', ['pending'])
DEBUG:__main__:No tasks found, sleeping for 1 seconds.
DEBUG:peewee:('SELECT "t1"."id", "t1"."title", "t1"."image", "t1"."command", "t1"."description", "t1"."status", "t1"."execution_time", "t1"."logs" FROM "task" AS "t1" WHERE ("t1"."status" = ?)', ['pending'])
DEBUG:__main__:No tasks found, sleeping for 1 seconds.
DEBUG:peewee:('SELECT "t1"."id", "t1"."title", "t1"."image", "t1"."command", "t1"."description", "t1"."status", "t1"."execution_time", "t1"."logs" FROM "task" AS "t1" WHERE ("t1"."status" = ?)', ['pending'])
DEBUG:__main__:No tasks found, sleeping for 1 seconds.
DEBUG:peewee:('SELECT "t1"."id", "t1"."title", "t1"."image", "t1"."command", "t1"."description", "t1"."status", "t1"."execution_time", "t1"."logs" FROM "task" AS "t1" WHERE ("t1"."status" = ?)', ['pending'])
DEBUG:__main__:No tasks found, sleeping for 1 seconds.
DEBUG:peewee:('SELECT "t1"."id", "t1"."title", "t1"."image", "t1"."command", "t1"."description", "t1"."status", "t1"."execution_time", "t1"."logs" FROM "task" AS "t1" WHERE ("t1"."status" = ?)', ['pending'])
DEBUG:__main__:No tasks found, sleeping for 1 seconds.
DEBUG:peewee:('SELECT "t1"."id", "t1"."title", "t1"."image", "t1"."command", "t1"."description", "t1"."status", "t1"."execution_time", "t1"."logs" FROM "task" AS "t1" WHERE ("t1"."status" = ?)', ['pending'])
DEBUG:__main__:No tasks found, sleeping for 1 seconds.
DEBUG:peewee:('SELECT "t1"."id", "t1"."title", "t1"."image", "t1"."command", "t1"."description", "t1"."status", "t1"."execution_time", "t1"."logs" FROM "task" AS "t1" WHERE ("t1"."status" = ?)', ['pending'])
DEBUG:__main__:No tasks found, sleeping for 1 seconds.
DEBUG:peewee:('SELECT "t1"."id", "t1"."title", "t1"."image", "t1"."command", "t1"."description", "t1"."status", "t1"."execution_time", "t1"."logs" FROM "task" AS "t1" WHERE ("t1"."status" = ?)', ['pending'])
DEBUG:__main__:No tasks found, sleeping for 1 seconds.
DEBUG:peewee:('SELECT "t1"."id", "t1"."title", "t1"."image", "t1"."command", "t1"."description", "t1"."status", "t1"."execution_time", "t1"."logs" FROM "task" AS "t1" WHERE ("t1"."status" = ?)', ['pending'])
DEBUG:__main__:No tasks found, sleeping for 1 seconds.
DEBUG:peewee:('SELECT "t1"."id", "t1"."title", "t1"."image", "t1"."command", "t1"."description", "t1"."status", "t1"."execution_time", "t1"."logs" FROM "task" AS "t1" WHERE ("t1"."status" = ?)', ['pending'])
DEBUG:__main__:No tasks found, sleeping for 1 seconds.
DEBUG:peewee:('SELECT "t1"."id", "t1"."title", "t1"."image", "t1"."command", "t1"."description", "t1"."status", "t1"."execution_time", "t1"."logs" FROM "task" AS "t1" WHERE ("t1"."status" = ?)', ['pending'])
DEBUG:__main__:No tasks found, sleeping for 1 seconds.
DEBUG:peewee:('SELECT "t1"."id", "t1"."title", "t1"."image", "t1"."command", "t1"."description", "t1"."status", "t1"."execution_time", "t1"."logs" FROM "task" AS "t1" WHERE ("t1"."status" = ?)', ['pending'])
DEBUG:__main__:No tasks found, sleeping for 1 seconds.
DEBUG:peewee:('SELECT "t1"."id", "t1"."title", "t1"."image", "t1"."command", "t1"."description", "t1"."status", "t1"."execution_time", "t1"."logs" FROM "task" AS "t1" WHERE ("t1"."status" = ?)', ['pending'])
DEBUG:__main__:No tasks found, sleeping for 1 seconds.
DEBUG:peewee:('SELECT "t1"."id", "t1"."title", "t1"."image", "t1"."command", "t1"."description", "t1"."status", "t1"."execution_time", "t1"."logs" FROM "task" AS "t1" WHERE ("t1"."status" = ?)', ['pending'])
DEBUG:__main__:No tasks found, sleeping for 1 seconds.
DEBUG:peewee:('SELECT "t1"."id", "t1"."title", "t1"."image", "t1"."command", "t1"."description", "t1"."status", "t1"."execution_time", "t1"."logs" FROM "task" AS "t1" WHERE ("t1"."status" = ?)', ['pending'])
DEBUG:__main__:No tasks found, sleeping for 1 seconds.
DEBUG:peewee:('SELECT "t1"."id", "t1"."title", "t1"."image", "t1"."command", "t1"."description", "t1"."status", "t1"."execution_time", "t1"."logs" FROM "task" AS "t1" WHERE ("t1"."status" = ?)', ['pending'])
DEBUG:__main__:No tasks found, sleeping for 1 seconds.
DEBUG:peewee:('SELECT "t1"."id", "t1"."title", "t1"."image", "t1"."command", "t1"."description", "t1"."status", "t1"."execution_time", "t1"."logs" FROM "task" AS "t1" WHERE ("t1"."status" = ?)', ['pending'])
DEBUG:__main__:No tasks found, sleeping for 1 seconds.
DEBUG:peewee:('SELECT "t1"."id", "t1"."title", "t1"."image", "t1"."command", "t1"."description", "t1"."status", "t1"."execution_time", "t1"."logs" FROM "task" AS "t1" WHERE ("t1"."status" = ?)', ['pending'])
DEBUG:__main__:No tasks found, sleeping for 1 seconds.
DEBUG:peewee:('SELECT "t1"."id", "t1"."title", "t1"."image", "t1"."command", "t1"."description", "t1"."status", "t1"."execution_time", "t1"."logs" FROM "task" AS "t1" WHERE ("t1"."status" = ?)', ['pending'])
DEBUG:__main__:No tasks found, sleeping for 1 seconds.
DEBUG:peewee:('SELECT "t1"."id", "t1"."title", "t1"."image", "t1"."command", "t1"."description", "t1"."status", "t1"."execution_time", "t1"."logs" FROM "task" AS "t1" WHERE ("t1"."status" = ?)', ['pending'])
DEBUG:__main__:No tasks found, sleeping for 1 seconds.
DEBUG:peewee:('SELECT "t1"."id", "t1"."title", "t1"."image", "t1"."command", "t1"."description", "t1"."status", "t1"."execution_time", "t1"."logs" FROM "task" AS "t1" WHERE ("t1"."status" = ?)', ['pending'])
DEBUG:__main__:No tasks found, sleeping for 1 seconds.
DEBUG:peewee:('SELECT "t1"."id", "t1"."title", "t1"."image", "t1"."command", "t1"."description", "t1"."status", "t1"."execution_time", "t1"."logs" FROM "task" AS "t1" WHERE ("t1"."status" = ?)', ['pending'])
DEBUG:__main__:No tasks found, sleeping for 1 seconds.
DEBUG:peewee:('SELECT "t1"."id", "t1"."title", "t1"."image", "t1"."command", "t1"."description", "t1"."status", "t1"."execution_time", "t1"."logs" FROM "task" AS "t1" WHERE ("t1"."status" = ?)', ['pending'])
DEBUG:__main__:No tasks found, sleeping for 1 seconds.
DEBUG:peewee:('SELECT "t1"."id", "t1"."title", "t1"."image", "t1"."command", "t1"."description", "t1"."status", "t1"."execution_time", "t1"."logs" FROM "task" AS "t1" WHERE ("t1"."status" = ?)', ['pending'])
DEBUG:__main__:No tasks found, sleeping for 1 seconds.
DEBUG:peewee:('SELECT "t1"."id", "t1"."title", "t1"."image", "t1"."command", "t1"."description", "t1"."status", "t1"."execution_time", "t1"."logs" FROM "task" AS "t1" WHERE ("t1"."status" = ?)', ['pending'])
DEBUG:__main__:No tasks found, sleeping for 1 seconds.
DEBUG:peewee:('SELECT "t1"."id", "t1"."title", "t1"."image", "t1"."command", "t1"."description", "t1"."status", "t1"."execution_time", "t1"."logs" FROM "task" AS "t1" WHERE ("t1"."status" = ?)', ['pending'])
DEBUG:__main__:No tasks found, sleeping for 1 seconds.
DEBUG:peewee:('SELECT "t1"."id", "t1"."title", "t1"."image", "t1"."command", "t1"."description", "t1"."status", "t1"."execution_time", "t1"."logs" FROM "task" AS "t1" WHERE ("t1"."status" = ?)', ['pending'])
DEBUG:__main__:No tasks found, sleeping for 1 seconds.
DEBUG:peewee:('SELECT "t1"."id", "t1"."title", "t1"."image", "t1"."command", "t1"."description", "t1"."status", "t1"."execution_time", "t1"."logs" FROM "task" AS "t1" WHERE ("t1"."status" = ?)', ['pending'])
DEBUG:__main__:No tasks found, sleeping for 1 seconds.
DEBUG:peewee:('SELECT "t1"."id", "t1"."title", "t1"."image", "t1"."command", "t1"."description", "t1"."status", "t1"."execution_time", "t1"."logs" FROM "task" AS "t1" WHERE ("t1"."status" = ?)', ['pending'])
DEBUG:__main__:No tasks found, sleeping for 1 seconds.
DEBUG:peewee:('SELECT "t1"."id", "t1"."title", "t1"."image", "t1"."command", "t1"."description", "t1"."status", "t1"."execution_time", "t1"."logs" FROM "task" AS "t1" WHERE ("t1"."status" = ?)', ['pending'])
DEBUG:__main__:No tasks found, sleeping for 1 seconds.
DEBUG:peewee:('SELECT "t1"."id", "t1"."title", "t1"."image", "t1"."command", "t1"."description", "t1"."status", "t1"."execution_time", "t1"."logs" FROM "task" AS "t1" WHERE ("t1"."status" = ?)', ['pending'])
DEBUG:__main__:No tasks found, sleeping for 1 seconds.
DEBUG:peewee:('SELECT "t1"."id", "t1"."title", "t1"."image", "t1"."command", "t1"."description", "t1"."status", "t1"."execution_time", "t1"."logs" FROM "task" AS "t1" WHERE ("t1"."status" = ?)', ['pending'])
DEBUG:__main__:No tasks found, sleeping for 1 seconds.
DEBUG:peewee:('SELECT "t1"."id", "t1"."title", "t1"."image", "t1"."command", "t1"."description", "t1"."status", "t1"."execution_time", "t1"."logs" FROM "task" AS "t1" WHERE ("t1"."status" = ?)', ['pending'])
DEBUG:__main__:No tasks found, sleeping for 1 seconds.
DEBUG:peewee:('SELECT "t1"."id", "t1"."title", "t1"."image", "t1"."command", "t1"."description", "t1"."status", "t1"."execution_time", "t1"."logs" FROM "task" AS "t1" WHERE ("t1"."status" = ?)', ['pending'])
DEBUG:__main__:No tasks found, sleeping for 1 seconds.
DEBUG:peewee:('SELECT "t1"."id", "t1"."title", "t1"."image", "t1"."command", "t1"."description", "t1"."status", "t1"."execution_time", "t1"."logs" FROM "task" AS "t1" WHERE ("t1"."status" = ?)', ['pending'])
DEBUG:__main__:Processing task Task 15: Task 1.
DEBUG:peewee:('UPDATE "task" SET "title" = ?, "image" = ?, "command" = ?, "description" = ?, "status" = ?, "execution_time" = ?, "logs" = ? WHERE ("task"."id" = ?)', ['Task 1', 'ubuntu', 'apt update -y', 'Hello world on ubuntu', 'running', None, None, 15])
DEBUG:peewee.pool:No connection available in pool.
DEBUG:peewee.pool:Created new connection 4370805568.
DEBUG:urllib3.connectionpool:http://localhost:None "POST /v1.41/containers/create HTTP/1.1" 201 None
DEBUG:urllib3.connectionpool:http://localhost:None "GET /v1.41/containers/c34268b557f1c172efc401b7772e9dbc20904ac4b3eb17db626588f81cb2e874/json HTTP/1.1" 200 None
DEBUG:urllib3.connectionpool:http://localhost:None "POST /v1.41/containers/c34268b557f1c172efc401b7772e9dbc20904ac4b3eb17db626588f81cb2e874/start HTTP/1.1" 204 0
DEBUG:urllib3.connectionpool:http://localhost:None "GET /v1.41/containers/c34268b557f1c172efc401b7772e9dbc20904ac4b3eb17db626588f81cb2e874/logs?stderr=1&stdout=1&timestamps=0&follow=1&tail=all HTTP/1.1" 200 None
DEBUG:urllib3.connectionpool:http://localhost:None "GET /v1.41/containers/c34268b557f1c172efc401b7772e9dbc20904ac4b3eb17db626588f81cb2e874/json HTTP/1.1" 200 None
DEBUG:peewee:('UPDATE "task" SET "title" = ?, "image" = ?, "command" = ?, "description" = ?, "status" = ?, "execution_time" = ?, "logs" = ? WHERE ("task"."id" = ?)', ['Task 1', 'ubuntu', 'apt update -y', 'Hello world on ubuntu', 'finished', '11.874428987503052', "\nWARNING: apt does not have a stable CLI interface. Use with caution in scripts.\n\nGet:1 http://archive.ubuntu.com/ubuntu jammy InRelease [270 kB]\nGet:2 http://archive.ubuntu.com/ubuntu jammy-updates InRelease [114 kB]\nGet:3 http://security.ubuntu.com/ubuntu jammy-security InRelease [110 kB]\nGet:4 http://archive.ubuntu.com/ubuntu jammy-backports InRelease [107 kB]\nGet:5 http://archive.ubuntu.com/ubuntu jammy/multiverse amd64 Packages [266 kB]\nGet:6 http://archive.ubuntu.com/ubuntu jammy/main amd64 Packages [1792 kB]\nGet:7 http://archive.ubuntu.com/ubuntu jammy/restricted amd64 Packages [164 kB]\nGet:8 http://archive.ubuntu.com/ubuntu jammy/universe amd64 Packages [17.5 MB]\nGet:9 http://security.ubuntu.com/ubuntu jammy-security/universe amd64 Packages [799 kB]\nGet:10 http://archive.ubuntu.com/ubuntu jammy-updates/multiverse amd64 Packages [8978 B]\nGet:11 http://archive.ubuntu.com/ubuntu jammy-updates/main amd64 Packages [1083 kB]\nGet:12 http://archive.ubuntu.com/ubuntu jammy-updates/universe amd64 Packages [1008 kB]\nGet:13 http://archive.ubuntu.com/ubuntu jammy-updates/restricted amd64 Packages [734 kB]\nGet:14 http://archive.ubuntu.com/ubuntu jammy-backports/main amd64 Packages [49.0 kB]\nGet:15 http://archive.ubuntu.com/ubuntu jammy-backports/universe amd64 Packages [22.4 kB]\nGet:16 http://security.ubuntu.com/ubuntu jammy-security/main amd64 Packages [754 kB]\nGet:17 http://security.ubuntu.com/ubuntu jammy-security/multiverse amd64 Packages [5557 B]\nGet:18 http://security.ubuntu.com/ubuntu jammy-security/restricted amd64 Packages [681 kB]\nFetched 25.4 MB in 11s (2415 kB/s)\nReading package lists...\nBuilding dependency tree...\nReading state information...\n4 packages can be upgraded. Run 'apt list --upgradable' to see them.\n", 15])
DEBUG:peewee:('SELECT "t1"."id", "t1"."title", "t1"."image", "t1"."command", "t1"."description", "t1"."status", "t1"."execution_time", "t1"."logs" FROM "task" AS "t1" WHERE ("t1"."status" = ?)', ['pending'])
DEBUG:__main__:No tasks found, sleeping for 1 seconds.
DEBUG:peewee:('SELECT "t1"."id", "t1"."title", "t1"."image", "t1"."command", "t1"."description", "t1"."status", "t1"."execution_time", "t1"."logs" FROM "task" AS "t1" WHERE ("t1"."status" = ?)', ['pending'])
DEBUG:__main__:No tasks found, sleeping for 1 seconds.
DEBUG:peewee:('SELECT "t1"."id", "t1"."title", "t1"."image", "t1"."command", "t1"."description", "t1"."status", "t1"."execution_time", "t1"."logs" FROM "task" AS "t1" WHERE ("t1"."status" = ?)', ['pending'])
DEBUG:__main__:No tasks found, sleeping for 1 seconds.
DEBUG:peewee:('SELECT "t1"."id", "t1"."title", "t1"."image", "t1"."command", "t1"."description", "t1"."status", "t1"."execution_time", "t1"."logs" FROM "task" AS "t1" WHERE ("t1"."status" = ?)', ['pending'])
DEBUG:__main__:No tasks found, sleeping for 1 seconds.
DEBUG:peewee:('SELECT "t1"."id", "t1"."title", "t1"."image", "t1"."command", "t1"."description", "t1"."status", "t1"."execution_time", "t1"."logs" FROM "task" AS "t1" WHERE ("t1"."status" = ?)', ['pending'])
DEBUG:__main__:No tasks found, sleeping for 1 seconds.
DEBUG:peewee:('SELECT "t1"."id", "t1"."title", "t1"."image", "t1"."command", "t1"."description", "t1"."status", "t1"."execution_time", "t1"."logs" FROM "task" AS "t1" WHERE ("t1"."status" = ?)', ['pending'])
DEBUG:__main__:No tasks found, sleeping for 1 seconds.
DEBUG:peewee:('SELECT "t1"."id", "t1"."title", "t1"."image", "t1"."command", "t1"."description", "t1"."status", "t1"."execution_time", "t1"."logs" FROM "task" AS "t1" WHERE ("t1"."status" = ?)', ['pending'])
DEBUG:__main__:No tasks found, sleeping for 1 seconds.
DEBUG:peewee:('SELECT "t1"."id", "t1"."title", "t1"."image", "t1"."command", "t1"."description", "t1"."status", "t1"."execution_time", "t1"."logs" FROM "task" AS "t1" WHERE ("t1"."status" = ?)', ['pending'])
DEBUG:__main__:No tasks found, sleeping for 1 seconds.
DEBUG:peewee:('SELECT "t1"."id", "t1"."title", "t1"."image", "t1"."command", "t1"."description", "t1"."status", "t1"."execution_time", "t1"."logs" FROM "task" AS "t1" WHERE ("t1"."status" = ?)', ['pending'])
DEBUG:__main__:No tasks found, sleeping for 1 seconds.
DEBUG:peewee:('SELECT "t1"."id", "t1"."title", "t1"."image", "t1"."command", "t1"."description", "t1"."status", "t1"."execution_time", "t1"."logs" FROM "task" AS "t1" WHERE ("t1"."status" = ?)', ['pending'])
DEBUG:__main__:No tasks found, sleeping for 1 seconds.
DEBUG:peewee:('SELECT "t1"."id", "t1"."title", "t1"."image", "t1"."command", "t1"."description", "t1"."status", "t1"."execution_time", "t1"."logs" FROM "task" AS "t1" WHERE ("t1"."status" = ?)', ['pending'])
DEBUG:__main__:No tasks found, sleeping for 1 seconds.
DEBUG:peewee:('SELECT "t1"."id", "t1"."title", "t1"."image", "t1"."command", "t1"."description", "t1"."status", "t1"."execution_time", "t1"."logs" FROM "task" AS "t1" WHERE ("t1"."status" = ?)', ['pending'])
DEBUG:__main__:No tasks found, sleeping for 1 seconds.
DEBUG:peewee:('SELECT "t1"."id", "t1"."title", "t1"."image", "t1"."command", "t1"."description", "t1"."status", "t1"."execution_time", "t1"."logs" FROM "task" AS "t1" WHERE ("t1"."status" = ?)', ['pending'])
DEBUG:__main__:No tasks found, sleeping for 1 seconds.
DEBUG:peewee:('SELECT "t1"."id", "t1"."title", "t1"."image", "t1"."command", "t1"."description", "t1"."status", "t1"."execution_time", "t1"."logs" FROM "task" AS "t1" WHERE ("t1"."status" = ?)', ['pending'])
DEBUG:__main__:No tasks found, sleeping for 1 seconds.
DEBUG:peewee:('SELECT "t1"."id", "t1"."title", "t1"."image", "t1"."command", "t1"."description", "t1"."status", "t1"."execution_time", "t1"."logs" FROM "task" AS "t1" WHERE ("t1"."status" = ?)', ['pending'])
DEBUG:__main__:No tasks found, sleeping for 1 seconds.
DEBUG:peewee:('SELECT "t1"."id", "t1"."title", "t1"."image", "t1"."command", "t1"."description", "t1"."status", "t1"."execution_time", "t1"."logs" FROM "task" AS "t1" WHERE ("t1"."status" = ?)', ['pending'])
DEBUG:__main__:No tasks found, sleeping for 1 seconds.
DEBUG:peewee:('SELECT "t1"."id", "t1"."title", "t1"."image", "t1"."command", "t1"."description", "t1"."status", "t1"."execution_time", "t1"."logs" FROM "task" AS "t1" WHERE ("t1"."status" = ?)', ['pending'])
DEBUG:__main__:No tasks found, sleeping for 1 seconds.
DEBUG:peewee:('SELECT "t1"."id", "t1"."title", "t1"."image", "t1"."command", "t1"."description", "t1"."status", "t1"."execution_time", "t1"."logs" FROM "task" AS "t1" WHERE ("t1"."status" = ?)', ['pending'])
DEBUG:__main__:No tasks found, sleeping for 1 seconds.
DEBUG:peewee:('SELECT "t1"."id", "t1"."title", "t1"."image", "t1"."command", "t1"."description", "t1"."status", "t1"."execution_time", "t1"."logs" FROM "task" AS "t1" WHERE ("t1"."status" = ?)', ['pending'])
DEBUG:__main__:No tasks found, sleeping for 1 seconds.
DEBUG:peewee:('SELECT "t1"."id", "t1"."title", "t1"."image", "t1"."command", "t1"."description", "t1"."status", "t1"."execution_time", "t1"."logs" FROM "task" AS "t1" WHERE ("t1"."status" = ?)', ['pending'])
DEBUG:__main__:No tasks found, sleeping for 1 seconds.
DEBUG:peewee:('SELECT "t1"."id", "t1"."title", "t1"."image", "t1"."command", "t1"."description", "t1"."status", "t1"."execution_time", "t1"."logs" FROM "task" AS "t1" WHERE ("t1"."status" = ?)', ['pending'])
DEBUG:__main__:No tasks found, sleeping for 1 seconds.
DEBUG:peewee:('SELECT "t1"."id", "t1"."title", "t1"."image", "t1"."command", "t1"."description", "t1"."status", "t1"."execution_time", "t1"."logs" FROM "task" AS "t1" WHERE ("t1"."status" = ?)', ['pending'])
DEBUG:__main__:No tasks found, sleeping for 1 seconds.
DEBUG:peewee:('SELECT "t1"."id", "t1"."title", "t1"."image", "t1"."command", "t1"."description", "t1"."status", "t1"."execution_time", "t1"."logs" FROM "task" AS "t1" WHERE ("t1"."status" = ?)', ['pending'])
DEBUG:__main__:No tasks found, sleeping for 1 seconds.
DEBUG:peewee:('SELECT "t1"."id", "t1"."title", "t1"."image", "t1"."command", "t1"."description", "t1"."status", "t1"."execution_time", "t1"."logs" FROM "task" AS "t1" WHERE ("t1"."status" = ?)', ['pending'])
DEBUG:__main__:No tasks found, sleeping for 1 seconds.
DEBUG:peewee:('SELECT "t1"."id", "t1"."title", "t1"."image", "t1"."command", "t1"."description", "t1"."status", "t1"."execution_time", "t1"."logs" FROM "task" AS "t1" WHERE ("t1"."status" = ?)', ['pending'])
DEBUG:__main__:No tasks found, sleeping for 1 seconds.
DEBUG:peewee:('SELECT "t1"."id", "t1"."title", "t1"."image", "t1"."command", "t1"."description", "t1"."status", "t1"."execution_time", "t1"."logs" FROM "task" AS "t1" WHERE ("t1"."status" = ?)', ['pending'])
DEBUG:__main__:No tasks found, sleeping for 1 seconds.
DEBUG:peewee:('SELECT "t1"."id", "t1"."title", "t1"."image", "t1"."command", "t1"."description", "t1"."status", "t1"."execution_time", "t1"."logs" FROM "task" AS "t1" WHERE ("t1"."status" = ?)', ['pending'])
DEBUG:__main__:No tasks found, sleeping for 1 seconds.
DEBUG:peewee:('SELECT "t1"."id", "t1"."title", "t1"."image", "t1"."command", "t1"."description", "t1"."status", "t1"."execution_time", "t1"."logs" FROM "task" AS "t1" WHERE ("t1"."status" = ?)', ['pending'])
DEBUG:__main__:No tasks found, sleeping for 1 seconds.
DEBUG:peewee:('SELECT "t1"."id", "t1"."title", "t1"."image", "t1"."command", "t1"."description", "t1"."status", "t1"."execution_time", "t1"."logs" FROM "task" AS "t1" WHERE ("t1"."status" = ?)', ['pending'])
DEBUG:__main__:No tasks found, sleeping for 1 seconds.
DEBUG:peewee:('SELECT "t1"."id", "t1"."title", "t1"."image", "t1"."command", "t1"."description", "t1"."status", "t1"."execution_time", "t1"."logs" FROM "task" AS "t1" WHERE ("t1"."status" = ?)', ['pending'])
DEBUG:__main__:No tasks found, sleeping for 1 seconds.
DEBUG:peewee:('SELECT "t1"."id", "t1"."title", "t1"."image", "t1"."command", "t1"."description", "t1"."status", "t1"."execution_time", "t1"."logs" FROM "task" AS "t1" WHERE ("t1"."status" = ?)', ['pending'])
DEBUG:__main__:No tasks found, sleeping for 1 seconds.
DEBUG:peewee:('SELECT "t1"."id", "t1"."title", "t1"."image", "t1"."command", "t1"."description", "t1"."status", "t1"."execution_time", "t1"."logs" FROM "task" AS "t1" WHERE ("t1"."status" = ?)', ['pending'])
DEBUG:__main__:No tasks found, sleeping for 1 seconds.
DEBUG:peewee:('SELECT "t1"."id", "t1"."title", "t1"."image", "t1"."command", "t1"."description", "t1"."status", "t1"."execution_time", "t1"."logs" FROM "task" AS "t1" WHERE ("t1"."status" = ?)', ['pending'])
DEBUG:__main__:No tasks found, sleeping for 1 seconds.
DEBUG:peewee:('SELECT "t1"."id", "t1"."title", "t1"."image", "t1"."command", "t1"."description", "t1"."status", "t1"."execution_time", "t1"."logs" FROM "task" AS "t1" WHERE ("t1"."status" = ?)', ['pending'])
DEBUG:__main__:No tasks found, sleeping for 1 seconds.
DEBUG:peewee:('SELECT "t1"."id", "t1"."title", "t1"."image", "t1"."command", "t1"."description", "t1"."status", "t1"."execution_time", "t1"."logs" FROM "task" AS "t1" WHERE ("t1"."status" = ?)', ['pending'])
DEBUG:__main__:No tasks found, sleeping for 1 seconds.
DEBUG:peewee:('SELECT "t1"."id", "t1"."title", "t1"."image", "t1"."command", "t1"."description", "t1"."status", "t1"."execution_time", "t1"."logs" FROM "task" AS "t1" WHERE ("t1"."status" = ?)', ['pending'])
DEBUG:__main__:No tasks found, sleeping for 1 seconds.
DEBUG:peewee:('SELECT "t1"."id", "t1"."title", "t1"."image", "t1"."command", "t1"."description", "t1"."status", "t1"."execution_time", "t1"."logs" FROM "task" AS "t1" WHERE ("t1"."status" = ?)', ['pending'])
DEBUG:__main__:No tasks found, sleeping for 1 seconds.
DEBUG:peewee:('SELECT "t1"."id", "t1"."title", "t1"."image", "t1"."command", "t1"."description", "t1"."status", "t1"."execution_time", "t1"."logs" FROM "task" AS "t1" WHERE ("t1"."status" = ?)', ['pending'])
DEBUG:__main__:No tasks found, sleeping for 1 seconds.
DEBUG:peewee:('SELECT "t1"."id", "t1"."title", "t1"."image", "t1"."command", "t1"."description", "t1"."status", "t1"."execution_time", "t1"."logs" FROM "task" AS "t1" WHERE ("t1"."status" = ?)', ['pending'])
DEBUG:__main__:No tasks found, sleeping for 1 seconds.
DEBUG:peewee:('SELECT "t1"."id", "t1"."title", "t1"."image", "t1"."command", "t1"."description", "t1"."status", "t1"."execution_time", "t1"."logs" FROM "task" AS "t1" WHERE ("t1"."status" = ?)', ['pending'])
DEBUG:__main__:No tasks found, sleeping for 1 seconds.
DEBUG:peewee:('SELECT "t1"."id", "t1"."title", "t1"."image", "t1"."command", "t1"."description", "t1"."status", "t1"."execution_time", "t1"."logs" FROM "task" AS "t1" WHERE ("t1"."status" = ?)', ['pending'])
DEBUG:__main__:No tasks found, sleeping for 1 seconds.
DEBUG:peewee:('SELECT "t1"."id", "t1"."title", "t1"."image", "t1"."command", "t1"."description", "t1"."status", "t1"."execution_time", "t1"."logs" FROM "task" AS "t1" WHERE ("t1"."status" = ?)', ['pending'])
DEBUG:__main__:No tasks found, sleeping for 1 seconds.
DEBUG:peewee:('SELECT "t1"."id", "t1"."title", "t1"."image", "t1"."command", "t1"."description", "t1"."status", "t1"."execution_time", "t1"."logs" FROM "task" AS "t1" WHERE ("t1"."status" = ?)', ['pending'])
DEBUG:__main__:No tasks found, sleeping for 1 seconds.
DEBUG:peewee:('SELECT "t1"."id", "t1"."title", "t1"."image", "t1"."command", "t1"."description", "t1"."status", "t1"."execution_time", "t1"."logs" FROM "task" AS "t1" WHERE ("t1"."status" = ?)', ['pending'])
DEBUG:__main__:No tasks found, sleeping for 1 seconds.
DEBUG:peewee:('SELECT "t1"."id", "t1"."title", "t1"."image", "t1"."command", "t1"."description", "t1"."status", "t1"."execution_time", "t1"."logs" FROM "task" AS "t1" WHERE ("t1"."status" = ?)', ['pending'])
DEBUG:__main__:No tasks found, sleeping for 1 seconds.
DEBUG:peewee:('SELECT "t1"."id", "t1"."title", "t1"."image", "t1"."command", "t1"."description", "t1"."status", "t1"."execution_time", "t1"."logs" FROM "task" AS "t1" WHERE ("t1"."status" = ?)', ['pending'])
DEBUG:__main__:No tasks found, sleeping for 1 seconds.
DEBUG:peewee:('SELECT "t1"."id", "t1"."title", "t1"."image", "t1"."command", "t1"."description", "t1"."status", "t1"."execution_time", "t1"."logs" FROM "task" AS "t1" WHERE ("t1"."status" = ?)', ['pending'])
DEBUG:__main__:No tasks found, sleeping for 1 seconds.
DEBUG:peewee:('SELECT "t1"."id", "t1"."title", "t1"."image", "t1"."command", "t1"."description", "t1"."status", "t1"."execution_time", "t1"."logs" FROM "task" AS "t1" WHERE ("t1"."status" = ?)', ['pending'])
DEBUG:__main__:No tasks found, sleeping for 1 seconds.
DEBUG:peewee:('SELECT "t1"."id", "t1"."title", "t1"."image", "t1"."command", "t1"."description", "t1"."status", "t1"."execution_time", "t1"."logs" FROM "task" AS "t1" WHERE ("t1"."status" = ?)', ['pending'])
DEBUG:__main__:No tasks found, sleeping for 1 seconds.
DEBUG:peewee:('SELECT "t1"."id", "t1"."title", "t1"."image", "t1"."command", "t1"."description", "t1"."status", "t1"."execution_time", "t1"."logs" FROM "task" AS "t1" WHERE ("t1"."status" = ?)', ['pending'])
DEBUG:__main__:No tasks found, sleeping for 1 seconds.
DEBUG:peewee:('SELECT "t1"."id", "t1"."title", "t1"."image", "t1"."command", "t1"."description", "t1"."status", "t1"."execution_time", "t1"."logs" FROM "task" AS "t1" WHERE ("t1"."status" = ?)', ['pending'])
DEBUG:__main__:No tasks found, sleeping for 1 seconds.
DEBUG:peewee:('SELECT "t1"."id", "t1"."title", "t1"."image", "t1"."command", "t1"."description", "t1"."status", "t1"."execution_time", "t1"."logs" FROM "task" AS "t1" WHERE ("t1"."status" = ?)', ['pending'])
DEBUG:__main__:No tasks found, sleeping for 1 seconds.
DEBUG:peewee:('SELECT "t1"."id", "t1"."title", "t1"."image", "t1"."command", "t1"."description", "t1"."status", "t1"."execution_time", "t1"."logs" FROM "task" AS "t1" WHERE ("t1"."status" = ?)', ['pending'])
DEBUG:__main__:No tasks found, sleeping for 1 seconds.
DEBUG:peewee:('SELECT "t1"."id", "t1"."title", "t1"."image", "t1"."command", "t1"."description", "t1"."status", "t1"."execution_time", "t1"."logs" FROM "task" AS "t1" WHERE ("t1"."status" = ?)', ['pending'])
DEBUG:__main__:No tasks found, sleeping for 1 seconds.
DEBUG:peewee:('SELECT "t1"."id", "t1"."title", "t1"."image", "t1"."command", "t1"."description", "t1"."status", "t1"."execution_time", "t1"."logs" FROM "task" AS "t1" WHERE ("t1"."status" = ?)', ['pending'])
DEBUG:__main__:No tasks found, sleeping for 1 seconds.
DEBUG:peewee:('SELECT "t1"."id", "t1"."title", "t1"."image", "t1"."command", "t1"."description", "t1"."status", "t1"."execution_time", "t1"."logs" FROM "task" AS "t1" WHERE ("t1"."status" = ?)', ['pending'])
DEBUG:__main__:No tasks found, sleeping for 1 seconds.
DEBUG:peewee:('SELECT "t1"."id", "t1"."title", "t1"."image", "t1"."command", "t1"."description", "t1"."status", "t1"."execution_time", "t1"."logs" FROM "task" AS "t1" WHERE ("t1"."status" = ?)', ['pending'])
DEBUG:__main__:No tasks found, sleeping for 1 seconds.
DEBUG:peewee:('SELECT "t1"."id", "t1"."title", "t1"."image", "t1"."command", "t1"."description", "t1"."status", "t1"."execution_time", "t1"."logs" FROM "task" AS "t1" WHERE ("t1"."status" = ?)', ['pending'])
DEBUG:__main__:No tasks found, sleeping for 1 seconds.
DEBUG:peewee:('SELECT "t1"."id", "t1"."title", "t1"."image", "t1"."command", "t1"."description", "t1"."status", "t1"."execution_time", "t1"."logs" FROM "task" AS "t1" WHERE ("t1"."status" = ?)', ['pending'])
DEBUG:__main__:No tasks found, sleeping for 1 seconds.
DEBUG:peewee:('SELECT "t1"."id", "t1"."title", "t1"."image", "t1"."command", "t1"."description", "t1"."status", "t1"."execution_time", "t1"."logs" FROM "task" AS "t1" WHERE ("t1"."status" = ?)', ['pending'])
DEBUG:__main__:No tasks found, sleeping for 1 seconds.
DEBUG:peewee:('SELECT "t1"."id", "t1"."title", "t1"."image", "t1"."command", "t1"."description", "t1"."status", "t1"."execution_time", "t1"."logs" FROM "task" AS "t1" WHERE ("t1"."status" = ?)', ['pending'])
DEBUG:__main__:No tasks found, sleeping for 1 seconds.
DEBUG:peewee:('SELECT "t1"."id", "t1"."title", "t1"."image", "t1"."command", "t1"."description", "t1"."status", "t1"."execution_time", "t1"."logs" FROM "task" AS "t1" WHERE ("t1"."status" = ?)', ['pending'])
DEBUG:__main__:No tasks found, sleeping for 1 seconds.
DEBUG:peewee:('SELECT "t1"."id", "t1"."title", "t1"."image", "t1"."command", "t1"."description", "t1"."status", "t1"."execution_time", "t1"."logs" FROM "task" AS "t1" WHERE ("t1"."status" = ?)', ['pending'])
DEBUG:__main__:No tasks found, sleeping for 1 seconds.
DEBUG:peewee:('SELECT "t1"."id", "t1"."title", "t1"."image", "t1"."command", "t1"."description", "t1"."status", "t1"."execution_time", "t1"."logs" FROM "task" AS "t1" WHERE ("t1"."status" = ?)', ['pending'])
DEBUG:__main__:No tasks found, sleeping for 1 seconds.
DEBUG:peewee:('SELECT "t1"."id", "t1"."title", "t1"."image", "t1"."command", "t1"."description", "t1"."status", "t1"."execution_time", "t1"."logs" FROM "task" AS "t1" WHERE ("t1"."status" = ?)', ['pending'])
DEBUG:__main__:No tasks found, sleeping for 1 seconds.
DEBUG:peewee:('SELECT "t1"."id", "t1"."title", "t1"."image", "t1"."command", "t1"."description", "t1"."status", "t1"."execution_time", "t1"."logs" FROM "task" AS "t1" WHERE ("t1"."status" = ?)', ['pending'])
DEBUG:__main__:No tasks found, sleeping for 1 seconds.
DEBUG:peewee:('SELECT "t1"."id", "t1"."title", "t1"."image", "t1"."command", "t1"."description", "t1"."status", "t1"."execution_time", "t1"."logs" FROM "task" AS "t1" WHERE ("t1"."status" = ?)', ['pending'])
DEBUG:__main__:No tasks found, sleeping for 1 seconds.
DEBUG:peewee:('SELECT "t1"."id", "t1"."title", "t1"."image", "t1"."command", "t1"."description", "t1"."status", "t1"."execution_time", "t1"."logs" FROM "task" AS "t1" WHERE ("t1"."status" = ?)', ['pending'])
DEBUG:__main__:No tasks found, sleeping for 1 seconds.
DEBUG:peewee:('SELECT "t1"."id", "t1"."title", "t1"."image", "t1"."command", "t1"."description", "t1"."status", "t1"."execution_time", "t1"."logs" FROM "task" AS "t1" WHERE ("t1"."status" = ?)', ['pending'])
DEBUG:__main__:No tasks found, sleeping for 1 seconds.
DEBUG:peewee:('SELECT "t1"."id", "t1"."title", "t1"."image", "t1"."command", "t1"."description", "t1"."status", "t1"."execution_time", "t1"."logs" FROM "task" AS "t1" WHERE ("t1"."status" = ?)', ['pending'])
DEBUG:__main__:No tasks found, sleeping for 1 seconds.
DEBUG:peewee:('SELECT "t1"."id", "t1"."title", "t1"."image", "t1"."command", "t1"."description", "t1"."status", "t1"."execution_time", "t1"."logs" FROM "task" AS "t1" WHERE ("t1"."status" = ?)', ['pending'])
DEBUG:__main__:No tasks found, sleeping for 1 seconds.
DEBUG:peewee:('SELECT "t1"."id", "t1"."title", "t1"."image", "t1"."command", "t1"."description", "t1"."status", "t1"."execution_time", "t1"."logs" FROM "task" AS "t1" WHERE ("t1"."status" = ?)', ['pending'])
DEBUG:__main__:No tasks found, sleeping for 1 seconds.
DEBUG:peewee:('SELECT "t1"."id", "t1"."title", "t1"."image", "t1"."command", "t1"."description", "t1"."status", "t1"."execution_time", "t1"."logs" FROM "task" AS "t1" WHERE ("t1"."status" = ?)', ['pending'])
DEBUG:__main__:No tasks found, sleeping for 1 seconds.
DEBUG:peewee:('SELECT "t1"."id", "t1"."title", "t1"."image", "t1"."command", "t1"."description", "t1"."status", "t1"."execution_time", "t1"."logs" FROM "task" AS "t1" WHERE ("t1"."status" = ?)', ['pending'])
DEBUG:__main__:No tasks found, sleeping for 1 seconds.
DEBUG:peewee:('SELECT "t1"."id", "t1"."title", "t1"."image", "t1"."command", "t1"."description", "t1"."status", "t1"."execution_time", "t1"."logs" FROM "task" AS "t1" WHERE ("t1"."status" = ?)', ['pending'])
DEBUG:__main__:No tasks found, sleeping for 1 seconds.
DEBUG:peewee:('SELECT "t1"."id", "t1"."title", "t1"."image", "t1"."command", "t1"."description", "t1"."status", "t1"."execution_time", "t1"."logs" FROM "task" AS "t1" WHERE ("t1"."status" = ?)', ['pending'])
DEBUG:__main__:No tasks found, sleeping for 1 seconds.
DEBUG:peewee:('SELECT "t1"."id", "t1"."title", "t1"."image", "t1"."command", "t1"."description", "t1"."status", "t1"."execution_time", "t1"."logs" FROM "task" AS "t1" WHERE ("t1"."status" = ?)', ['pending'])
DEBUG:__main__:No tasks found, sleeping for 1 seconds.
DEBUG:peewee:('SELECT "t1"."id", "t1"."title", "t1"."image", "t1"."command", "t1"."description", "t1"."status", "t1"."execution_time", "t1"."logs" FROM "task" AS "t1" WHERE ("t1"."status" = ?)', ['pending'])
DEBUG:__main__:No tasks found, sleeping for 1 seconds.
DEBUG:peewee:('SELECT "t1"."id", "t1"."title", "t1"."image", "t1"."command", "t1"."description", "t1"."status", "t1"."execution_time", "t1"."logs" FROM "task" AS "t1" WHERE ("t1"."status" = ?)', ['pending'])
DEBUG:__main__:No tasks found, sleeping for 1 seconds.
DEBUG:peewee:('SELECT "t1"."id", "t1"."title", "t1"."image", "t1"."command", "t1"."description", "t1"."status", "t1"."execution_time", "t1"."logs" FROM "task" AS "t1" WHERE ("t1"."status" = ?)', ['pending'])
DEBUG:__main__:No tasks found, sleeping for 1 seconds.
DEBUG:peewee:('SELECT "t1"."id", "t1"."title", "t1"."image", "t1"."command", "t1"."description", "t1"."status", "t1"."execution_time", "t1"."logs" FROM "task" AS "t1" WHERE ("t1"."status" = ?)', ['pending'])
DEBUG:__main__:No tasks found, sleeping for 1 seconds.
DEBUG:peewee:('SELECT "t1"."id", "t1"."title", "t1"."image", "t1"."command", "t1"."description", "t1"."status", "t1"."execution_time", "t1"."logs" FROM "task" AS "t1" WHERE ("t1"."status" = ?)', ['pending'])
DEBUG:__main__:No tasks found, sleeping for 1 seconds.
DEBUG:peewee:('SELECT "t1"."id", "t1"."title", "t1"."image", "t1"."command", "t1"."description", "t1"."status", "t1"."execution_time", "t1"."logs" FROM "task" AS "t1" WHERE ("t1"."status" = ?)', ['pending'])
DEBUG:__main__:No tasks found, sleeping for 1 seconds.
DEBUG:peewee:('SELECT "t1"."id", "t1"."title", "t1"."image", "t1"."command", "t1"."description", "t1"."status", "t1"."execution_time", "t1"."logs" FROM "task" AS "t1" WHERE ("t1"."status" = ?)', ['pending'])
DEBUG:__main__:No tasks found, sleeping for 1 seconds.
DEBUG:peewee:('SELECT "t1"."id", "t1"."title", "t1"."image", "t1"."command", "t1"."description", "t1"."status", "t1"."execution_time", "t1"."logs" FROM "task" AS "t1" WHERE ("t1"."status" = ?)', ['pending'])
DEBUG:__main__:No tasks found, sleeping for 1 seconds.
DEBUG:peewee:('SELECT "t1"."id", "t1"."title", "t1"."image", "t1"."command", "t1"."description", "t1"."status", "t1"."execution_time", "t1"."logs" FROM "task" AS "t1" WHERE ("t1"."status" = ?)', ['pending'])
DEBUG:__main__:No tasks found, sleeping for 1 seconds.
DEBUG:peewee:('SELECT "t1"."id", "t1"."title", "t1"."image", "t1"."command", "t1"."description", "t1"."status", "t1"."execution_time", "t1"."logs" FROM "task" AS "t1" WHERE ("t1"."status" = ?)', ['pending'])
DEBUG:__main__:No tasks found, sleeping for 1 seconds.
DEBUG:peewee:('SELECT "t1"."id", "t1"."title", "t1"."image", "t1"."command", "t1"."description", "t1"."status", "t1"."execution_time", "t1"."logs" FROM "task" AS "t1" WHERE ("t1"."status" = ?)', ['pending'])
DEBUG:__main__:No tasks found, sleeping for 1 seconds.
DEBUG:peewee:('SELECT "t1"."id", "t1"."title", "t1"."image", "t1"."command", "t1"."description", "t1"."status", "t1"."execution_time", "t1"."logs" FROM "task" AS "t1" WHERE ("t1"."status" = ?)', ['pending'])
DEBUG:__main__:No tasks found, sleeping for 1 seconds.
DEBUG:peewee:('SELECT "t1"."id", "t1"."title", "t1"."image", "t1"."command", "t1"."description", "t1"."status", "t1"."execution_time", "t1"."logs" FROM "task" AS "t1" WHERE ("t1"."status" = ?)', ['pending'])
DEBUG:__main__:No tasks found, sleeping for 1 seconds.
DEBUG:peewee:('SELECT "t1"."id", "t1"."title", "t1"."image", "t1"."command", "t1"."description", "t1"."status", "t1"."execution_time", "t1"."logs" FROM "task" AS "t1" WHERE ("t1"."status" = ?)', ['pending'])
DEBUG:__main__:No tasks found, sleeping for 1 seconds.
DEBUG:peewee:('SELECT "t1"."id", "t1"."title", "t1"."image", "t1"."command", "t1"."description", "t1"."status", "t1"."execution_time", "t1"."logs" FROM "task" AS "t1" WHERE ("t1"."status" = ?)', ['pending'])
DEBUG:__main__:No tasks found, sleeping for 1 seconds.
DEBUG:peewee:('SELECT "t1"."id", "t1"."title", "t1"."image", "t1"."command", "t1"."description", "t1"."status", "t1"."execution_time", "t1"."logs" FROM "task" AS "t1" WHERE ("t1"."status" = ?)', ['pending'])
DEBUG:__main__:No tasks found, sleeping for 1 seconds.
DEBUG:peewee:('SELECT "t1"."id", "t1"."title", "t1"."image", "t1"."command", "t1"."description", "t1"."status", "t1"."execution_time", "t1"."logs" FROM "task" AS "t1" WHERE ("t1"."status" = ?)', ['pending'])
DEBUG:__main__:No tasks found, sleeping for 1 seconds.
DEBUG:peewee:('SELECT "t1"."id", "t1"."title", "t1"."image", "t1"."command", "t1"."description", "t1"."status", "t1"."execution_time", "t1"."logs" FROM "task" AS "t1" WHERE ("t1"."status" = ?)', ['pending'])
DEBUG:__main__:No tasks found, sleeping for 1 seconds.
DEBUG:peewee:('SELECT "t1"."id", "t1"."title", "t1"."image", "t1"."command", "t1"."description", "t1"."status", "t1"."execution_time", "t1"."logs" FROM "task" AS "t1" WHERE ("t1"."status" = ?)', ['pending'])
DEBUG:__main__:No tasks found, sleeping for 1 seconds.
DEBUG:peewee:('SELECT "t1"."id", "t1"."title", "t1"."image", "t1"."command", "t1"."description", "t1"."status", "t1"."execution_time", "t1"."logs" FROM "task" AS "t1" WHERE ("t1"."status" = ?)', ['pending'])
DEBUG:__main__:No tasks found, sleeping for 1 seconds.
DEBUG:peewee:('SELECT "t1"."id", "t1"."title", "t1"."image", "t1"."command", "t1"."description", "t1"."status", "t1"."execution_time", "t1"."logs" FROM "task" AS "t1" WHERE ("t1"."status" = ?)', ['pending'])
DEBUG:__main__:No tasks found, sleeping for 1 seconds.
DEBUG:peewee:('SELECT "t1"."id", "t1"."title", "t1"."image", "t1"."command", "t1"."description", "t1"."status", "t1"."execution_time", "t1"."logs" FROM "task" AS "t1" WHERE ("t1"."status" = ?)', ['pending'])
DEBUG:__main__:No tasks found, sleeping for 1 seconds.
DEBUG:peewee:('SELECT "t1"."id", "t1"."title", "t1"."image", "t1"."command", "t1"."description", "t1"."status", "t1"."execution_time", "t1"."logs" FROM "task" AS "t1" WHERE ("t1"."status" = ?)', ['pending'])
DEBUG:__main__:No tasks found, sleeping for 1 seconds.
DEBUG:peewee:('SELECT "t1"."id", "t1"."title", "t1"."image", "t1"."command", "t1"."description", "t1"."status", "t1"."execution_time", "t1"."logs" FROM "task" AS "t1" WHERE ("t1"."status" = ?)', ['pending'])
DEBUG:__main__:No tasks found, sleeping for 1 seconds.
DEBUG:peewee:('SELECT "t1"."id", "t1"."title", "t1"."image", "t1"."command", "t1"."description", "t1"."status", "t1"."execution_time", "t1"."logs" FROM "task" AS "t1" WHERE ("t1"."status" = ?)', ['pending'])
DEBUG:__main__:No tasks found, sleeping for 1 seconds.
DEBUG:peewee:('SELECT "t1"."id", "t1"."title", "t1"."image", "t1"."command", "t1"."description", "t1"."status", "t1"."execution_time", "t1"."logs" FROM "task" AS "t1" WHERE ("t1"."status" = ?)', ['pending'])
DEBUG:__main__:No tasks found, sleeping for 1 seconds.
DEBUG:peewee:('SELECT "t1"."id", "t1"."title", "t1"."image", "t1"."command", "t1"."description", "t1"."status", "t1"."execution_time", "t1"."logs" FROM "task" AS "t1" WHERE ("t1"."status" = ?)', ['pending'])
DEBUG:__main__:No tasks found, sleeping for 1 seconds.
DEBUG:peewee:('SELECT "t1"."id", "t1"."title", "t1"."image", "t1"."command", "t1"."description", "t1"."status", "t1"."execution_time", "t1"."logs" FROM "task" AS "t1" WHERE ("t1"."status" = ?)', ['pending'])
DEBUG:__main__:No tasks found, sleeping for 1 seconds.
DEBUG:peewee:('SELECT "t1"."id", "t1"."title", "t1"."image", "t1"."command", "t1"."description", "t1"."status", "t1"."execution_time", "t1"."logs" FROM "task" AS "t1" WHERE ("t1"."status" = ?)', ['pending'])
DEBUG:__main__:No tasks found, sleeping for 1 seconds.
DEBUG:peewee:('SELECT "t1"."id", "t1"."title", "t1"."image", "t1"."command", "t1"."description", "t1"."status", "t1"."execution_time", "t1"."logs" FROM "task" AS "t1" WHERE ("t1"."status" = ?)', ['pending'])
DEBUG:__main__:No tasks found, sleeping for 1 seconds.
DEBUG:peewee:('SELECT "t1"."id", "t1"."title", "t1"."image", "t1"."command", "t1"."description", "t1"."status", "t1"."execution_time", "t1"."logs" FROM "task" AS "t1" WHERE ("t1"."status" = ?)', ['pending'])
DEBUG:__main__:No tasks found, sleeping for 1 seconds.
DEBUG:peewee:('SELECT "t1"."id", "t1"."title", "t1"."image", "t1"."command", "t1"."description", "t1"."status", "t1"."execution_time", "t1"."logs" FROM "task" AS "t1" WHERE ("t1"."status" = ?)', ['pending'])
DEBUG:__main__:No tasks found, sleeping for 1 seconds.
DEBUG:peewee:('SELECT "t1"."id", "t1"."title", "t1"."image", "t1"."command", "t1"."description", "t1"."status", "t1"."execution_time", "t1"."logs" FROM "task" AS "t1" WHERE ("t1"."status" = ?)', ['pending'])
DEBUG:__main__:No tasks found, sleeping for 1 seconds.
DEBUG:peewee:('SELECT "t1"."id", "t1"."title", "t1"."image", "t1"."command", "t1"."description", "t1"."status", "t1"."execution_time", "t1"."logs" FROM "task" AS "t1" WHERE ("t1"."status" = ?)', ['pending'])
DEBUG:__main__:No tasks found, sleeping for 1 seconds.
DEBUG:peewee:('SELECT "t1"."id", "t1"."title", "t1"."image", "t1"."command", "t1"."description", "t1"."status", "t1"."execution_time", "t1"."logs" FROM "task" AS "t1" WHERE ("t1"."status" = ?)', ['pending'])
DEBUG:__main__:No tasks found, sleeping for 1 seconds.
